30-Aug-2022 13:02:20.579 INFO [main] org.apache.catalina.startup.VersionLoggerListener.log Server version name:   Apache Tomcat/9.0.65
30-Aug-2022 13:02:20.583 INFO [main] org.apache.catalina.startup.VersionLoggerListener.log Server built:          Jul 14 2022 12:28:53 UTC
30-Aug-2022 13:02:20.583 INFO [main] org.apache.catalina.startup.VersionLoggerListener.log Server version number: 9.0.65.0
30-Aug-2022 13:02:20.584 INFO [main] org.apache.catalina.startup.VersionLoggerListener.log OS Name:               Mac OS X
30-Aug-2022 13:02:20.584 INFO [main] org.apache.catalina.startup.VersionLoggerListener.log OS Version:            11.5
30-Aug-2022 13:02:20.584 INFO [main] org.apache.catalina.startup.VersionLoggerListener.log Architecture:          x86_64
30-Aug-2022 13:02:20.585 INFO [main] org.apache.catalina.startup.VersionLoggerListener.log Java Home:             /Library/Java/JavaVirtualMachines/adoptopenjdk-11.jdk/Contents/Home
30-Aug-2022 13:02:20.585 INFO [main] org.apache.catalina.startup.VersionLoggerListener.log JVM Version:           11.0.11+9
30-Aug-2022 13:02:20.585 INFO [main] org.apache.catalina.startup.VersionLoggerListener.log JVM Vendor:            AdoptOpenJDK
30-Aug-2022 13:02:20.585 INFO [main] org.apache.catalina.startup.VersionLoggerListener.log CATALINA_BASE:         /Users/fradaperypetie/Dysk Google/git-github/JENKINS123/temp/apache-tomcat-prod
30-Aug-2022 13:02:20.585 INFO [main] org.apache.catalina.startup.VersionLoggerListener.log CATALINA_HOME:         /Users/fradaperypetie/Dysk Google/git-github/JENKINS123/temp/apache-tomcat-prod
30-Aug-2022 13:02:20.604 INFO [main] org.apache.catalina.startup.VersionLoggerListener.log Command line argument: --add-opens=java.base/java.lang=ALL-UNNAMED
30-Aug-2022 13:02:20.604 INFO [main] org.apache.catalina.startup.VersionLoggerListener.log Command line argument: --add-opens=java.base/java.io=ALL-UNNAMED
30-Aug-2022 13:02:20.605 INFO [main] org.apache.catalina.startup.VersionLoggerListener.log Command line argument: --add-opens=java.base/java.util=ALL-UNNAMED
30-Aug-2022 13:02:20.605 INFO [main] org.apache.catalina.startup.VersionLoggerListener.log Command line argument: --add-opens=java.base/java.util.concurrent=ALL-UNNAMED
30-Aug-2022 13:02:20.605 INFO [main] org.apache.catalina.startup.VersionLoggerListener.log Command line argument: --add-opens=java.rmi/sun.rmi.transport=ALL-UNNAMED
30-Aug-2022 13:02:20.605 INFO [main] org.apache.catalina.startup.VersionLoggerListener.log Command line argument: -Djava.util.logging.config.file=/Users/fradaperypetie/Dysk Google/git-github/JENKINS123/temp/apache-tomcat-prod/conf/logging.properties
30-Aug-2022 13:02:20.606 INFO [main] org.apache.catalina.startup.VersionLoggerListener.log Command line argument: -Djava.util.logging.manager=org.apache.juli.ClassLoaderLogManager
30-Aug-2022 13:02:20.607 INFO [main] org.apache.catalina.startup.VersionLoggerListener.log Command line argument: -Djdk.tls.ephemeralDHKeySize=2048
30-Aug-2022 13:02:20.607 INFO [main] org.apache.catalina.startup.VersionLoggerListener.log Command line argument: -Djava.protocol.handler.pkgs=org.apache.catalina.webresources
30-Aug-2022 13:02:20.607 INFO [main] org.apache.catalina.startup.VersionLoggerListener.log Command line argument: -Dorg.apache.catalina.security.SecurityListener.UMASK=0027
30-Aug-2022 13:02:20.607 INFO [main] org.apache.catalina.startup.VersionLoggerListener.log Command line argument: -Dignore.endorsed.dirs=
30-Aug-2022 13:02:20.607 INFO [main] org.apache.catalina.startup.VersionLoggerListener.log Command line argument: -Dcatalina.base=/Users/fradaperypetie/Dysk Google/git-github/JENKINS123/temp/apache-tomcat-prod
30-Aug-2022 13:02:20.608 INFO [main] org.apache.catalina.startup.VersionLoggerListener.log Command line argument: -Dcatalina.home=/Users/fradaperypetie/Dysk Google/git-github/JENKINS123/temp/apache-tomcat-prod
30-Aug-2022 13:02:20.608 INFO [main] org.apache.catalina.startup.VersionLoggerListener.log Command line argument: -Djava.io.tmpdir=/Users/fradaperypetie/Dysk Google/git-github/JENKINS123/temp/apache-tomcat-prod/temp
30-Aug-2022 13:02:20.613 INFO [main] org.apache.catalina.core.AprLifecycleListener.lifecycleEvent The Apache Tomcat Native library which allows using OpenSSL was not found on the java.library.path: [/Users/fradaperypetie/Library/Java/Extensions:/Library/Java/Extensions:/Network/Library/Java/Extensions:/System/Library/Java/Extensions:/usr/lib/java:.]
30-Aug-2022 13:02:21.106 INFO [main] org.apache.coyote.AbstractProtocol.init Initializing ProtocolHandler ["http-nio-9091"]
30-Aug-2022 13:02:21.148 INFO [main] org.apache.catalina.startup.Catalina.load Server initialization in [896] milliseconds
30-Aug-2022 13:02:21.233 INFO [main] org.apache.catalina.core.StandardService.startInternal Starting service [Catalina]
30-Aug-2022 13:02:21.233 INFO [main] org.apache.catalina.core.StandardEngine.startInternal Starting Servlet engine: [Apache Tomcat/9.0.65]
30-Aug-2022 13:02:21.261 INFO [main] org.apache.catalina.startup.HostConfig.deployWAR Deploying web application archive [/Users/fradaperypetie/Dysk Google/git-github/JENKINS123/temp/apache-tomcat-prod/webapps/java-tomcat-maven-example.war]
30-Aug-2022 13:02:21.692 INFO [main] org.apache.catalina.startup.HostConfig.deployWAR Deployment of web application archive [/Users/fradaperypetie/Dysk Google/git-github/JENKINS123/temp/apache-tomcat-prod/webapps/java-tomcat-maven-example.war] has finished in [430] ms
30-Aug-2022 13:02:21.693 INFO [main] org.apache.catalina.startup.HostConfig.deployWAR Deploying web application archive [/Users/fradaperypetie/Dysk Google/git-github/JENKINS123/temp/apache-tomcat-prod/webapps/ROOT.war]
30-Aug-2022 13:02:21.727 INFO [main] org.apache.catalina.startup.HostConfig.deployWAR Deployment of web application archive [/Users/fradaperypetie/Dysk Google/git-github/JENKINS123/temp/apache-tomcat-prod/webapps/ROOT.war] has finished in [33] ms
30-Aug-2022 13:02:21.728 INFO [main] org.apache.catalina.startup.HostConfig.deployDirectory Deploying web application directory [/Users/fradaperypetie/Dysk Google/git-github/JENKINS123/temp/apache-tomcat-prod/webapps/docs]
30-Aug-2022 13:02:21.761 INFO [main] org.apache.catalina.startup.HostConfig.deployDirectory Deployment of web application directory [/Users/fradaperypetie/Dysk Google/git-github/JENKINS123/temp/apache-tomcat-prod/webapps/docs] has finished in [34] ms
30-Aug-2022 13:02:21.762 INFO [main] org.apache.catalina.startup.HostConfig.deployDirectory Deploying web application directory [/Users/fradaperypetie/Dysk Google/git-github/JENKINS123/temp/apache-tomcat-prod/webapps/manager]
30-Aug-2022 13:02:21.823 INFO [main] org.apache.catalina.startup.HostConfig.deployDirectory Deployment of web application directory [/Users/fradaperypetie/Dysk Google/git-github/JENKINS123/temp/apache-tomcat-prod/webapps/manager] has finished in [62] ms
30-Aug-2022 13:02:21.823 INFO [main] org.apache.catalina.startup.HostConfig.deployDirectory Deploying web application directory [/Users/fradaperypetie/Dysk Google/git-github/JENKINS123/temp/apache-tomcat-prod/webapps/examples]
30-Aug-2022 13:02:22.252 INFO [main] org.apache.catalina.startup.HostConfig.deployDirectory Deployment of web application directory [/Users/fradaperypetie/Dysk Google/git-github/JENKINS123/temp/apache-tomcat-prod/webapps/examples] has finished in [428] ms
30-Aug-2022 13:02:22.252 INFO [main] org.apache.catalina.startup.HostConfig.deployDirectory Deploying web application directory [/Users/fradaperypetie/Dysk Google/git-github/JENKINS123/temp/apache-tomcat-prod/webapps/host-manager]
30-Aug-2022 13:02:22.292 INFO [main] org.apache.catalina.startup.HostConfig.deployDirectory Deployment of web application directory [/Users/fradaperypetie/Dysk Google/git-github/JENKINS123/temp/apache-tomcat-prod/webapps/host-manager] has finished in [40] ms
30-Aug-2022 13:02:22.300 INFO [main] org.apache.coyote.AbstractProtocol.start Starting ProtocolHandler ["http-nio-9091"]
30-Aug-2022 13:02:22.317 INFO [main] org.apache.catalina.startup.Catalina.start Server startup in [1169] milliseconds
30-Aug-2022 13:02:42.667 INFO [main] org.apache.catalina.core.StandardServer.await A valid shutdown command was received via the shutdown port. Stopping the Server instance.
30-Aug-2022 13:02:42.668 INFO [main] org.apache.coyote.AbstractProtocol.pause Pausing ProtocolHandler ["http-nio-9091"]
30-Aug-2022 13:02:42.673 INFO [main] org.apache.catalina.core.StandardService.stopInternal Stopping service [Catalina]
30-Aug-2022 13:02:42.717 INFO [main] org.apache.coyote.AbstractProtocol.stop Stopping ProtocolHandler ["http-nio-9091"]
30-Aug-2022 13:02:42.729 INFO [main] org.apache.coyote.AbstractProtocol.destroy Destroying ProtocolHandler ["http-nio-9091"]
30-Aug-2022 14:13:54.755 INFO [main] org.apache.catalina.startup.VersionLoggerListener.log Server version name:   Apache Tomcat/9.0.65
30-Aug-2022 14:13:54.760 INFO [main] org.apache.catalina.startup.VersionLoggerListener.log Server built:          Jul 14 2022 12:28:53 UTC
30-Aug-2022 14:13:54.760 INFO [main] org.apache.catalina.startup.VersionLoggerListener.log Server version number: 9.0.65.0
30-Aug-2022 14:13:54.761 INFO [main] org.apache.catalina.startup.VersionLoggerListener.log OS Name:               Mac OS X
30-Aug-2022 14:13:54.761 INFO [main] org.apache.catalina.startup.VersionLoggerListener.log OS Version:            11.5
30-Aug-2022 14:13:54.761 INFO [main] org.apache.catalina.startup.VersionLoggerListener.log Architecture:          x86_64
30-Aug-2022 14:13:54.763 INFO [main] org.apache.catalina.startup.VersionLoggerListener.log Java Home:             /Library/Java/JavaVirtualMachines/adoptopenjdk-11.jdk/Contents/Home
30-Aug-2022 14:13:54.763 INFO [main] org.apache.catalina.startup.VersionLoggerListener.log JVM Version:           11.0.11+9
30-Aug-2022 14:13:54.763 INFO [main] org.apache.catalina.startup.VersionLoggerListener.log JVM Vendor:            AdoptOpenJDK
30-Aug-2022 14:13:54.763 INFO [main] org.apache.catalina.startup.VersionLoggerListener.log CATALINA_BASE:         /Users/fradaperypetie/Dysk Google/git-github/JENKINS123/temp/apache-tomcat-prod
30-Aug-2022 14:13:54.763 INFO [main] org.apache.catalina.startup.VersionLoggerListener.log CATALINA_HOME:         /Users/fradaperypetie/Dysk Google/git-github/JENKINS123/temp/apache-tomcat-prod
30-Aug-2022 14:13:54.784 INFO [main] org.apache.catalina.startup.VersionLoggerListener.log Command line argument: --add-opens=java.base/java.lang=ALL-UNNAMED
30-Aug-2022 14:13:54.785 INFO [main] org.apache.catalina.startup.VersionLoggerListener.log Command line argument: --add-opens=java.base/java.io=ALL-UNNAMED
30-Aug-2022 14:13:54.785 INFO [main] org.apache.catalina.startup.VersionLoggerListener.log Command line argument: --add-opens=java.base/java.util=ALL-UNNAMED
30-Aug-2022 14:13:54.786 INFO [main] org.apache.catalina.startup.VersionLoggerListener.log Command line argument: --add-opens=java.base/java.util.concurrent=ALL-UNNAMED
30-Aug-2022 14:13:54.786 INFO [main] org.apache.catalina.startup.VersionLoggerListener.log Command line argument: --add-opens=java.rmi/sun.rmi.transport=ALL-UNNAMED
30-Aug-2022 14:13:54.786 INFO [main] org.apache.catalina.startup.VersionLoggerListener.log Command line argument: -Djava.util.logging.config.file=/Users/fradaperypetie/Dysk Google/git-github/JENKINS123/temp/apache-tomcat-prod/conf/logging.properties
30-Aug-2022 14:13:54.787 INFO [main] org.apache.catalina.startup.VersionLoggerListener.log Command line argument: -Djava.util.logging.manager=org.apache.juli.ClassLoaderLogManager
30-Aug-2022 14:13:54.787 INFO [main] org.apache.catalina.startup.VersionLoggerListener.log Command line argument: -Djdk.tls.ephemeralDHKeySize=2048
30-Aug-2022 14:13:54.787 INFO [main] org.apache.catalina.startup.VersionLoggerListener.log Command line argument: -Djava.protocol.handler.pkgs=org.apache.catalina.webresources
30-Aug-2022 14:13:54.787 INFO [main] org.apache.catalina.startup.VersionLoggerListener.log Command line argument: -Dorg.apache.catalina.security.SecurityListener.UMASK=0027
30-Aug-2022 14:13:54.787 INFO [main] org.apache.catalina.startup.VersionLoggerListener.log Command line argument: -Dignore.endorsed.dirs=
30-Aug-2022 14:13:54.787 INFO [main] org.apache.catalina.startup.VersionLoggerListener.log Command line argument: -Dcatalina.base=/Users/fradaperypetie/Dysk Google/git-github/JENKINS123/temp/apache-tomcat-prod
30-Aug-2022 14:13:54.788 INFO [main] org.apache.catalina.startup.VersionLoggerListener.log Command line argument: -Dcatalina.home=/Users/fradaperypetie/Dysk Google/git-github/JENKINS123/temp/apache-tomcat-prod
30-Aug-2022 14:13:54.788 INFO [main] org.apache.catalina.startup.VersionLoggerListener.log Command line argument: -Djava.io.tmpdir=/Users/fradaperypetie/Dysk Google/git-github/JENKINS123/temp/apache-tomcat-prod/temp
30-Aug-2022 14:13:54.791 INFO [main] org.apache.catalina.core.AprLifecycleListener.lifecycleEvent The Apache Tomcat Native library which allows using OpenSSL was not found on the java.library.path: [/Users/fradaperypetie/Library/Java/Extensions:/Library/Java/Extensions:/Network/Library/Java/Extensions:/System/Library/Java/Extensions:/usr/lib/java:.]
30-Aug-2022 14:13:55.281 INFO [main] org.apache.coyote.AbstractProtocol.init Initializing ProtocolHandler ["http-nio-9091"]
30-Aug-2022 14:13:55.337 INFO [main] org.apache.catalina.startup.Catalina.load Server initialization in [904] milliseconds
30-Aug-2022 14:13:55.447 INFO [main] org.apache.catalina.core.StandardService.startInternal Starting service [Catalina]
30-Aug-2022 14:13:55.447 INFO [main] org.apache.catalina.core.StandardEngine.startInternal Starting Servlet engine: [Apache Tomcat/9.0.65]
30-Aug-2022 14:13:55.470 INFO [main] org.apache.catalina.startup.HostConfig.deployWAR Deploying web application archive [/Users/fradaperypetie/Dysk Google/git-github/JENKINS123/temp/apache-tomcat-prod/webapps/java-tomcat-maven-example.war]
30-Aug-2022 14:13:55.900 INFO [main] org.apache.catalina.startup.HostConfig.deployWAR Deployment of web application archive [/Users/fradaperypetie/Dysk Google/git-github/JENKINS123/temp/apache-tomcat-prod/webapps/java-tomcat-maven-example.war] has finished in [430] ms
30-Aug-2022 14:13:55.901 INFO [main] org.apache.catalina.startup.HostConfig.deployWAR Deploying web application archive [/Users/fradaperypetie/Dysk Google/git-github/JENKINS123/temp/apache-tomcat-prod/webapps/ROOT.war]
30-Aug-2022 14:13:55.969 INFO [main] org.apache.catalina.startup.HostConfig.deployWAR Deployment of web application archive [/Users/fradaperypetie/Dysk Google/git-github/JENKINS123/temp/apache-tomcat-prod/webapps/ROOT.war] has finished in [67] ms
30-Aug-2022 14:13:55.970 INFO [main] org.apache.catalina.startup.HostConfig.deployDirectory Deploying web application directory [/Users/fradaperypetie/Dysk Google/git-github/JENKINS123/temp/apache-tomcat-prod/webapps/docs]
30-Aug-2022 14:13:55.997 INFO [main] org.apache.catalina.startup.HostConfig.deployDirectory Deployment of web application directory [/Users/fradaperypetie/Dysk Google/git-github/JENKINS123/temp/apache-tomcat-prod/webapps/docs] has finished in [27] ms
30-Aug-2022 14:13:55.997 INFO [main] org.apache.catalina.startup.HostConfig.deployDirectory Deploying web application directory [/Users/fradaperypetie/Dysk Google/git-github/JENKINS123/temp/apache-tomcat-prod/webapps/manager]
30-Aug-2022 14:13:56.053 INFO [main] org.apache.catalina.startup.HostConfig.deployDirectory Deployment of web application directory [/Users/fradaperypetie/Dysk Google/git-github/JENKINS123/temp/apache-tomcat-prod/webapps/manager] has finished in [56] ms
30-Aug-2022 14:13:56.054 INFO [main] org.apache.catalina.startup.HostConfig.deployDirectory Deploying web application directory [/Users/fradaperypetie/Dysk Google/git-github/JENKINS123/temp/apache-tomcat-prod/webapps/examples]
30-Aug-2022 14:13:56.432 INFO [main] org.apache.catalina.startup.HostConfig.deployDirectory Deployment of web application directory [/Users/fradaperypetie/Dysk Google/git-github/JENKINS123/temp/apache-tomcat-prod/webapps/examples] has finished in [377] ms
30-Aug-2022 14:13:56.432 INFO [main] org.apache.catalina.startup.HostConfig.deployDirectory Deploying web application directory [/Users/fradaperypetie/Dysk Google/git-github/JENKINS123/temp/apache-tomcat-prod/webapps/host-manager]
30-Aug-2022 14:13:56.469 INFO [main] org.apache.catalina.startup.HostConfig.deployDirectory Deployment of web application directory [/Users/fradaperypetie/Dysk Google/git-github/JENKINS123/temp/apache-tomcat-prod/webapps/host-manager] has finished in [37] ms
30-Aug-2022 14:13:56.475 INFO [main] org.apache.coyote.AbstractProtocol.start Starting ProtocolHandler ["http-nio-9091"]
30-Aug-2022 14:13:56.502 INFO [main] org.apache.catalina.startup.Catalina.start Server startup in [1164] milliseconds
30-Aug-2022 14:16:16.636 INFO [main] org.apache.catalina.core.StandardServer.await A valid shutdown command was received via the shutdown port. Stopping the Server instance.
30-Aug-2022 14:16:16.637 INFO [main] org.apache.coyote.AbstractProtocol.pause Pausing ProtocolHandler ["http-nio-9091"]
30-Aug-2022 14:16:16.651 INFO [main] org.apache.catalina.core.StandardService.stopInternal Stopping service [Catalina]
30-Aug-2022 14:16:16.705 INFO [main] org.apache.coyote.AbstractProtocol.stop Stopping ProtocolHandler ["http-nio-9091"]
30-Aug-2022 14:16:16.716 INFO [main] org.apache.coyote.AbstractProtocol.destroy Destroying ProtocolHandler ["http-nio-9091"]
30-Aug-2022 14:29:36.231 INFO [main] org.apache.catalina.startup.VersionLoggerListener.log Server version name:   Apache Tomcat/9.0.65
30-Aug-2022 14:29:36.236 INFO [main] org.apache.catalina.startup.VersionLoggerListener.log Server built:          Jul 14 2022 12:28:53 UTC
30-Aug-2022 14:29:36.236 INFO [main] org.apache.catalina.startup.VersionLoggerListener.log Server version number: 9.0.65.0
30-Aug-2022 14:29:36.236 INFO [main] org.apache.catalina.startup.VersionLoggerListener.log OS Name:               Mac OS X
30-Aug-2022 14:29:36.237 INFO [main] org.apache.catalina.startup.VersionLoggerListener.log OS Version:            11.5
30-Aug-2022 14:29:36.237 INFO [main] org.apache.catalina.startup.VersionLoggerListener.log Architecture:          x86_64
30-Aug-2022 14:29:36.237 INFO [main] org.apache.catalina.startup.VersionLoggerListener.log Java Home:             /Library/Java/JavaVirtualMachines/adoptopenjdk-11.jdk/Contents/Home
30-Aug-2022 14:29:36.237 INFO [main] org.apache.catalina.startup.VersionLoggerListener.log JVM Version:           11.0.11+9
30-Aug-2022 14:29:36.239 INFO [main] org.apache.catalina.startup.VersionLoggerListener.log JVM Vendor:            AdoptOpenJDK
30-Aug-2022 14:29:36.239 INFO [main] org.apache.catalina.startup.VersionLoggerListener.log CATALINA_BASE:         /Users/fradaperypetie/Dysk Google/git-github/JENKINS123/temp/apache-tomcat-prod
30-Aug-2022 14:29:36.240 INFO [main] org.apache.catalina.startup.VersionLoggerListener.log CATALINA_HOME:         /Users/fradaperypetie/Dysk Google/git-github/JENKINS123/temp/apache-tomcat-prod
30-Aug-2022 14:29:36.255 INFO [main] org.apache.catalina.startup.VersionLoggerListener.log Command line argument: --add-opens=java.base/java.lang=ALL-UNNAMED
30-Aug-2022 14:29:36.255 INFO [main] org.apache.catalina.startup.VersionLoggerListener.log Command line argument: --add-opens=java.base/java.io=ALL-UNNAMED
30-Aug-2022 14:29:36.256 INFO [main] org.apache.catalina.startup.VersionLoggerListener.log Command line argument: --add-opens=java.base/java.util=ALL-UNNAMED
30-Aug-2022 14:29:36.256 INFO [main] org.apache.catalina.startup.VersionLoggerListener.log Command line argument: --add-opens=java.base/java.util.concurrent=ALL-UNNAMED
30-Aug-2022 14:29:36.256 INFO [main] org.apache.catalina.startup.VersionLoggerListener.log Command line argument: --add-opens=java.rmi/sun.rmi.transport=ALL-UNNAMED
30-Aug-2022 14:29:36.256 INFO [main] org.apache.catalina.startup.VersionLoggerListener.log Command line argument: -Djava.util.logging.config.file=/Users/fradaperypetie/Dysk Google/git-github/JENKINS123/temp/apache-tomcat-prod/conf/logging.properties
30-Aug-2022 14:29:36.257 INFO [main] org.apache.catalina.startup.VersionLoggerListener.log Command line argument: -Djava.util.logging.manager=org.apache.juli.ClassLoaderLogManager
30-Aug-2022 14:29:36.257 INFO [main] org.apache.catalina.startup.VersionLoggerListener.log Command line argument: -Djdk.tls.ephemeralDHKeySize=2048
30-Aug-2022 14:29:36.257 INFO [main] org.apache.catalina.startup.VersionLoggerListener.log Command line argument: -Djava.protocol.handler.pkgs=org.apache.catalina.webresources
30-Aug-2022 14:29:36.257 INFO [main] org.apache.catalina.startup.VersionLoggerListener.log Command line argument: -Dorg.apache.catalina.security.SecurityListener.UMASK=0027
30-Aug-2022 14:29:36.257 INFO [main] org.apache.catalina.startup.VersionLoggerListener.log Command line argument: -Dignore.endorsed.dirs=
30-Aug-2022 14:29:36.257 INFO [main] org.apache.catalina.startup.VersionLoggerListener.log Command line argument: -Dcatalina.base=/Users/fradaperypetie/Dysk Google/git-github/JENKINS123/temp/apache-tomcat-prod
30-Aug-2022 14:29:36.258 INFO [main] org.apache.catalina.startup.VersionLoggerListener.log Command line argument: -Dcatalina.home=/Users/fradaperypetie/Dysk Google/git-github/JENKINS123/temp/apache-tomcat-prod
30-Aug-2022 14:29:36.258 INFO [main] org.apache.catalina.startup.VersionLoggerListener.log Command line argument: -Djava.io.tmpdir=/Users/fradaperypetie/Dysk Google/git-github/JENKINS123/temp/apache-tomcat-prod/temp
30-Aug-2022 14:29:36.263 INFO [main] org.apache.catalina.core.AprLifecycleListener.lifecycleEvent The Apache Tomcat Native library which allows using OpenSSL was not found on the java.library.path: [/Users/fradaperypetie/Library/Java/Extensions:/Library/Java/Extensions:/Network/Library/Java/Extensions:/System/Library/Java/Extensions:/usr/lib/java:.]
30-Aug-2022 14:29:36.851 INFO [main] org.apache.coyote.AbstractProtocol.init Initializing ProtocolHandler ["http-nio-9091"]
30-Aug-2022 14:29:36.899 INFO [main] org.apache.catalina.startup.Catalina.load Server initialization in [1122] milliseconds
30-Aug-2022 14:29:37.025 INFO [main] org.apache.catalina.core.StandardService.startInternal Starting service [Catalina]
30-Aug-2022 14:29:37.025 INFO [main] org.apache.catalina.core.StandardEngine.startInternal Starting Servlet engine: [Apache Tomcat/9.0.65]
30-Aug-2022 14:29:37.296 INFO [main] org.apache.catalina.startup.HostConfig.deployWAR Deploying web application archive [/Users/fradaperypetie/Dysk Google/git-github/JENKINS123/temp/apache-tomcat-prod/webapps/java-tomcat-maven-example.war]
30-Aug-2022 14:29:37.889 INFO [main] org.apache.catalina.startup.HostConfig.deployWAR Deployment of web application archive [/Users/fradaperypetie/Dysk Google/git-github/JENKINS123/temp/apache-tomcat-prod/webapps/java-tomcat-maven-example.war] has finished in [593] ms
30-Aug-2022 14:29:37.890 INFO [main] org.apache.catalina.startup.HostConfig.deployWAR Deploying web application archive [/Users/fradaperypetie/Dysk Google/git-github/JENKINS123/temp/apache-tomcat-prod/webapps/ROOT.war]
30-Aug-2022 14:29:37.941 INFO [main] org.apache.catalina.startup.HostConfig.deployWAR Deployment of web application archive [/Users/fradaperypetie/Dysk Google/git-github/JENKINS123/temp/apache-tomcat-prod/webapps/ROOT.war] has finished in [51] ms
30-Aug-2022 14:29:37.942 INFO [main] org.apache.catalina.startup.HostConfig.deployDirectory Deploying web application directory [/Users/fradaperypetie/Dysk Google/git-github/JENKINS123/temp/apache-tomcat-prod/webapps/docs]
30-Aug-2022 14:29:37.988 INFO [main] org.apache.catalina.startup.HostConfig.deployDirectory Deployment of web application directory [/Users/fradaperypetie/Dysk Google/git-github/JENKINS123/temp/apache-tomcat-prod/webapps/docs] has finished in [46] ms
30-Aug-2022 14:29:37.988 INFO [main] org.apache.catalina.startup.HostConfig.deployDirectory Deploying web application directory [/Users/fradaperypetie/Dysk Google/git-github/JENKINS123/temp/apache-tomcat-prod/webapps/manager]
30-Aug-2022 14:29:38.130 INFO [main] org.apache.catalina.startup.HostConfig.deployDirectory Deployment of web application directory [/Users/fradaperypetie/Dysk Google/git-github/JENKINS123/temp/apache-tomcat-prod/webapps/manager] has finished in [141] ms
30-Aug-2022 14:29:38.131 INFO [main] org.apache.catalina.startup.HostConfig.deployDirectory Deploying web application directory [/Users/fradaperypetie/Dysk Google/git-github/JENKINS123/temp/apache-tomcat-prod/webapps/examples]
30-Aug-2022 14:29:39.205 INFO [main] org.apache.catalina.startup.HostConfig.deployDirectory Deployment of web application directory [/Users/fradaperypetie/Dysk Google/git-github/JENKINS123/temp/apache-tomcat-prod/webapps/examples] has finished in [1,075] ms
30-Aug-2022 14:29:39.206 INFO [main] org.apache.catalina.startup.HostConfig.deployDirectory Deploying web application directory [/Users/fradaperypetie/Dysk Google/git-github/JENKINS123/temp/apache-tomcat-prod/webapps/host-manager]
30-Aug-2022 14:29:39.294 INFO [main] org.apache.catalina.startup.HostConfig.deployDirectory Deployment of web application directory [/Users/fradaperypetie/Dysk Google/git-github/JENKINS123/temp/apache-tomcat-prod/webapps/host-manager] has finished in [89] ms
30-Aug-2022 14:29:39.308 INFO [main] org.apache.coyote.AbstractProtocol.start Starting ProtocolHandler ["http-nio-9091"]
30-Aug-2022 14:29:39.375 INFO [main] org.apache.catalina.startup.Catalina.start Server startup in [2475] milliseconds
30-Aug-2022 14:29:39.393 SEVERE [main] org.apache.catalina.core.StandardServer.await Failed to create server shutdown socket on address [localhost] and port [8005] (base port [8005] and offset [0])
	java.net.BindException: Address already in use (Bind failed)
		at java.base/java.net.PlainSocketImpl.socketBind(Native Method)
		at java.base/java.net.AbstractPlainSocketImpl.bind(AbstractPlainSocketImpl.java:436)
		at java.base/java.net.ServerSocket.bind(ServerSocket.java:395)
		at java.base/java.net.ServerSocket.<init>(ServerSocket.java:257)
		at org.apache.catalina.core.StandardServer.await(StandardServer.java:580)
		at org.apache.catalina.startup.Catalina.await(Catalina.java:864)
		at org.apache.catalina.startup.Catalina.start(Catalina.java:810)
		at java.base/jdk.internal.reflect.NativeMethodAccessorImpl.invoke0(Native Method)
		at java.base/jdk.internal.reflect.NativeMethodAccessorImpl.invoke(NativeMethodAccessorImpl.java:62)
		at java.base/jdk.internal.reflect.DelegatingMethodAccessorImpl.invoke(DelegatingMethodAccessorImpl.java:43)
		at java.base/java.lang.reflect.Method.invoke(Method.java:566)
		at org.apache.catalina.startup.Bootstrap.start(Bootstrap.java:345)
		at org.apache.catalina.startup.Bootstrap.main(Bootstrap.java:476)
30-Aug-2022 14:29:39.397 INFO [main] org.apache.coyote.AbstractProtocol.pause Pausing ProtocolHandler ["http-nio-9091"]
30-Aug-2022 14:29:39.412 INFO [main] org.apache.catalina.core.StandardService.stopInternal Stopping service [Catalina]
30-Aug-2022 14:29:39.497 INFO [main] org.apache.coyote.AbstractProtocol.stop Stopping ProtocolHandler ["http-nio-9091"]
30-Aug-2022 14:29:39.516 INFO [main] org.apache.coyote.AbstractProtocol.destroy Destroying ProtocolHandler ["http-nio-9091"]
30-Aug-2022 14:30:02.942 INFO [main] org.apache.catalina.startup.VersionLoggerListener.log Server version name:   Apache Tomcat/9.0.65
30-Aug-2022 14:30:02.948 INFO [main] org.apache.catalina.startup.VersionLoggerListener.log Server built:          Jul 14 2022 12:28:53 UTC
30-Aug-2022 14:30:02.948 INFO [main] org.apache.catalina.startup.VersionLoggerListener.log Server version number: 9.0.65.0
30-Aug-2022 14:30:02.949 INFO [main] org.apache.catalina.startup.VersionLoggerListener.log OS Name:               Mac OS X
30-Aug-2022 14:30:02.949 INFO [main] org.apache.catalina.startup.VersionLoggerListener.log OS Version:            11.5
30-Aug-2022 14:30:02.949 INFO [main] org.apache.catalina.startup.VersionLoggerListener.log Architecture:          x86_64
30-Aug-2022 14:30:02.949 INFO [main] org.apache.catalina.startup.VersionLoggerListener.log Java Home:             /Library/Java/JavaVirtualMachines/adoptopenjdk-11.jdk/Contents/Home
30-Aug-2022 14:30:02.950 INFO [main] org.apache.catalina.startup.VersionLoggerListener.log JVM Version:           11.0.11+9
30-Aug-2022 14:30:02.950 INFO [main] org.apache.catalina.startup.VersionLoggerListener.log JVM Vendor:            AdoptOpenJDK
30-Aug-2022 14:30:02.950 INFO [main] org.apache.catalina.startup.VersionLoggerListener.log CATALINA_BASE:         /Users/fradaperypetie/Dysk Google/git-github/JENKINS123/temp/apache-tomcat-prod
30-Aug-2022 14:30:02.950 INFO [main] org.apache.catalina.startup.VersionLoggerListener.log CATALINA_HOME:         /Users/fradaperypetie/Dysk Google/git-github/JENKINS123/temp/apache-tomcat-prod
30-Aug-2022 14:30:02.981 INFO [main] org.apache.catalina.startup.VersionLoggerListener.log Command line argument: --add-opens=java.base/java.lang=ALL-UNNAMED
30-Aug-2022 14:30:02.981 INFO [main] org.apache.catalina.startup.VersionLoggerListener.log Command line argument: --add-opens=java.base/java.io=ALL-UNNAMED
30-Aug-2022 14:30:02.981 INFO [main] org.apache.catalina.startup.VersionLoggerListener.log Command line argument: --add-opens=java.base/java.util=ALL-UNNAMED
30-Aug-2022 14:30:02.981 INFO [main] org.apache.catalina.startup.VersionLoggerListener.log Command line argument: --add-opens=java.base/java.util.concurrent=ALL-UNNAMED
30-Aug-2022 14:30:02.981 INFO [main] org.apache.catalina.startup.VersionLoggerListener.log Command line argument: --add-opens=java.rmi/sun.rmi.transport=ALL-UNNAMED
30-Aug-2022 14:30:02.981 INFO [main] org.apache.catalina.startup.VersionLoggerListener.log Command line argument: -Djava.util.logging.config.file=/Users/fradaperypetie/Dysk Google/git-github/JENKINS123/temp/apache-tomcat-prod/conf/logging.properties
30-Aug-2022 14:30:02.982 INFO [main] org.apache.catalina.startup.VersionLoggerListener.log Command line argument: -Djava.util.logging.manager=org.apache.juli.ClassLoaderLogManager
30-Aug-2022 14:30:02.982 INFO [main] org.apache.catalina.startup.VersionLoggerListener.log Command line argument: -Djdk.tls.ephemeralDHKeySize=2048
30-Aug-2022 14:30:02.982 INFO [main] org.apache.catalina.startup.VersionLoggerListener.log Command line argument: -Djava.protocol.handler.pkgs=org.apache.catalina.webresources
30-Aug-2022 14:30:02.982 INFO [main] org.apache.catalina.startup.VersionLoggerListener.log Command line argument: -Dorg.apache.catalina.security.SecurityListener.UMASK=0027
30-Aug-2022 14:30:02.982 INFO [main] org.apache.catalina.startup.VersionLoggerListener.log Command line argument: -Dignore.endorsed.dirs=
30-Aug-2022 14:30:02.984 INFO [main] org.apache.catalina.startup.VersionLoggerListener.log Command line argument: -Dcatalina.base=/Users/fradaperypetie/Dysk Google/git-github/JENKINS123/temp/apache-tomcat-prod
30-Aug-2022 14:30:02.984 INFO [main] org.apache.catalina.startup.VersionLoggerListener.log Command line argument: -Dcatalina.home=/Users/fradaperypetie/Dysk Google/git-github/JENKINS123/temp/apache-tomcat-prod
30-Aug-2022 14:30:02.985 INFO [main] org.apache.catalina.startup.VersionLoggerListener.log Command line argument: -Djava.io.tmpdir=/Users/fradaperypetie/Dysk Google/git-github/JENKINS123/temp/apache-tomcat-prod/temp
30-Aug-2022 14:30:02.991 INFO [main] org.apache.catalina.core.AprLifecycleListener.lifecycleEvent The Apache Tomcat Native library which allows using OpenSSL was not found on the java.library.path: [/Users/fradaperypetie/Library/Java/Extensions:/Library/Java/Extensions:/Network/Library/Java/Extensions:/System/Library/Java/Extensions:/usr/lib/java:.]
30-Aug-2022 14:30:03.736 INFO [main] org.apache.coyote.AbstractProtocol.init Initializing ProtocolHandler ["http-nio-9091"]
30-Aug-2022 14:30:03.781 INFO [main] org.apache.catalina.startup.Catalina.load Server initialization in [1277] milliseconds
30-Aug-2022 14:30:04.088 INFO [main] org.apache.catalina.core.StandardService.startInternal Starting service [Catalina]
30-Aug-2022 14:30:04.089 INFO [main] org.apache.catalina.core.StandardEngine.startInternal Starting Servlet engine: [Apache Tomcat/9.0.65]
30-Aug-2022 14:30:04.122 INFO [main] org.apache.catalina.startup.HostConfig.deployWAR Deploying web application archive [/Users/fradaperypetie/Dysk Google/git-github/JENKINS123/temp/apache-tomcat-prod/webapps/java-tomcat-maven-example.war]
30-Aug-2022 14:30:04.763 INFO [main] org.apache.catalina.startup.HostConfig.deployWAR Deployment of web application archive [/Users/fradaperypetie/Dysk Google/git-github/JENKINS123/temp/apache-tomcat-prod/webapps/java-tomcat-maven-example.war] has finished in [640] ms
30-Aug-2022 14:30:04.764 INFO [main] org.apache.catalina.startup.HostConfig.deployWAR Deploying web application archive [/Users/fradaperypetie/Dysk Google/git-github/JENKINS123/temp/apache-tomcat-prod/webapps/ROOT.war]
30-Aug-2022 14:30:04.815 INFO [main] org.apache.catalina.startup.HostConfig.deployWAR Deployment of web application archive [/Users/fradaperypetie/Dysk Google/git-github/JENKINS123/temp/apache-tomcat-prod/webapps/ROOT.war] has finished in [51] ms
30-Aug-2022 14:30:04.816 INFO [main] org.apache.catalina.startup.HostConfig.deployDirectory Deploying web application directory [/Users/fradaperypetie/Dysk Google/git-github/JENKINS123/temp/apache-tomcat-prod/webapps/docs]
30-Aug-2022 14:30:04.855 INFO [main] org.apache.catalina.startup.HostConfig.deployDirectory Deployment of web application directory [/Users/fradaperypetie/Dysk Google/git-github/JENKINS123/temp/apache-tomcat-prod/webapps/docs] has finished in [38] ms
30-Aug-2022 14:30:04.856 INFO [main] org.apache.catalina.startup.HostConfig.deployDirectory Deploying web application directory [/Users/fradaperypetie/Dysk Google/git-github/JENKINS123/temp/apache-tomcat-prod/webapps/manager]
30-Aug-2022 14:30:04.928 INFO [main] org.apache.catalina.startup.HostConfig.deployDirectory Deployment of web application directory [/Users/fradaperypetie/Dysk Google/git-github/JENKINS123/temp/apache-tomcat-prod/webapps/manager] has finished in [72] ms
30-Aug-2022 14:30:04.928 INFO [main] org.apache.catalina.startup.HostConfig.deployDirectory Deploying web application directory [/Users/fradaperypetie/Dysk Google/git-github/JENKINS123/temp/apache-tomcat-prod/webapps/examples]
30-Aug-2022 14:30:05.365 INFO [main] org.apache.catalina.startup.HostConfig.deployDirectory Deployment of web application directory [/Users/fradaperypetie/Dysk Google/git-github/JENKINS123/temp/apache-tomcat-prod/webapps/examples] has finished in [437] ms
30-Aug-2022 14:30:05.366 INFO [main] org.apache.catalina.startup.HostConfig.deployDirectory Deploying web application directory [/Users/fradaperypetie/Dysk Google/git-github/JENKINS123/temp/apache-tomcat-prod/webapps/host-manager]
30-Aug-2022 14:30:05.405 INFO [main] org.apache.catalina.startup.HostConfig.deployDirectory Deployment of web application directory [/Users/fradaperypetie/Dysk Google/git-github/JENKINS123/temp/apache-tomcat-prod/webapps/host-manager] has finished in [39] ms
30-Aug-2022 14:30:05.412 INFO [main] org.apache.coyote.AbstractProtocol.start Starting ProtocolHandler ["http-nio-9091"]
30-Aug-2022 14:30:05.485 INFO [main] org.apache.catalina.startup.Catalina.start Server startup in [1703] milliseconds
30-Aug-2022 14:36:09.002 INFO [main] org.apache.catalina.core.StandardServer.await A valid shutdown command was received via the shutdown port. Stopping the Server instance.
30-Aug-2022 14:36:09.004 INFO [main] org.apache.coyote.AbstractProtocol.pause Pausing ProtocolHandler ["http-nio-9091"]
30-Aug-2022 14:36:09.012 INFO [main] org.apache.catalina.core.StandardService.stopInternal Stopping service [Catalina]
30-Aug-2022 14:36:09.106 INFO [main] org.apache.coyote.AbstractProtocol.stop Stopping ProtocolHandler ["http-nio-9091"]
30-Aug-2022 14:36:09.118 INFO [main] org.apache.coyote.AbstractProtocol.destroy Destroying ProtocolHandler ["http-nio-9091"]
30-Aug-2022 14:41:03.295 INFO [main] org.apache.catalina.startup.VersionLoggerListener.log Server version name:   Apache Tomcat/9.0.65
30-Aug-2022 14:41:03.308 INFO [main] org.apache.catalina.startup.VersionLoggerListener.log Server built:          Jul 14 2022 12:28:53 UTC
30-Aug-2022 14:41:03.309 INFO [main] org.apache.catalina.startup.VersionLoggerListener.log Server version number: 9.0.65.0
30-Aug-2022 14:41:03.309 INFO [main] org.apache.catalina.startup.VersionLoggerListener.log OS Name:               Mac OS X
30-Aug-2022 14:41:03.310 INFO [main] org.apache.catalina.startup.VersionLoggerListener.log OS Version:            11.5
30-Aug-2022 14:41:03.310 INFO [main] org.apache.catalina.startup.VersionLoggerListener.log Architecture:          x86_64
30-Aug-2022 14:41:03.310 INFO [main] org.apache.catalina.startup.VersionLoggerListener.log Java Home:             /Library/Java/JavaVirtualMachines/adoptopenjdk-11.jdk/Contents/Home
30-Aug-2022 14:41:03.310 INFO [main] org.apache.catalina.startup.VersionLoggerListener.log JVM Version:           11.0.11+9
30-Aug-2022 14:41:03.311 INFO [main] org.apache.catalina.startup.VersionLoggerListener.log JVM Vendor:            AdoptOpenJDK
30-Aug-2022 14:41:03.311 INFO [main] org.apache.catalina.startup.VersionLoggerListener.log CATALINA_BASE:         /Users/fradaperypetie/Dysk Google/git-github/JENKINS123/temp/apache-tomcat-prod
30-Aug-2022 14:41:03.311 INFO [main] org.apache.catalina.startup.VersionLoggerListener.log CATALINA_HOME:         /Users/fradaperypetie/Dysk Google/git-github/JENKINS123/temp/apache-tomcat-prod
30-Aug-2022 14:41:03.330 INFO [main] org.apache.catalina.startup.VersionLoggerListener.log Command line argument: --add-opens=java.base/java.lang=ALL-UNNAMED
30-Aug-2022 14:41:03.335 INFO [main] org.apache.catalina.startup.VersionLoggerListener.log Command line argument: --add-opens=java.base/java.io=ALL-UNNAMED
30-Aug-2022 14:41:03.336 INFO [main] org.apache.catalina.startup.VersionLoggerListener.log Command line argument: --add-opens=java.base/java.util=ALL-UNNAMED
30-Aug-2022 14:41:03.336 INFO [main] org.apache.catalina.startup.VersionLoggerListener.log Command line argument: --add-opens=java.base/java.util.concurrent=ALL-UNNAMED
30-Aug-2022 14:41:03.337 INFO [main] org.apache.catalina.startup.VersionLoggerListener.log Command line argument: --add-opens=java.rmi/sun.rmi.transport=ALL-UNNAMED
30-Aug-2022 14:41:03.337 INFO [main] org.apache.catalina.startup.VersionLoggerListener.log Command line argument: -Djava.util.logging.config.file=/Users/fradaperypetie/Dysk Google/git-github/JENKINS123/temp/apache-tomcat-prod/conf/logging.properties
30-Aug-2022 14:41:03.337 INFO [main] org.apache.catalina.startup.VersionLoggerListener.log Command line argument: -Djava.util.logging.manager=org.apache.juli.ClassLoaderLogManager
30-Aug-2022 14:41:03.337 INFO [main] org.apache.catalina.startup.VersionLoggerListener.log Command line argument: -Djdk.tls.ephemeralDHKeySize=2048
30-Aug-2022 14:41:03.338 INFO [main] org.apache.catalina.startup.VersionLoggerListener.log Command line argument: -Djava.protocol.handler.pkgs=org.apache.catalina.webresources
30-Aug-2022 14:41:03.338 INFO [main] org.apache.catalina.startup.VersionLoggerListener.log Command line argument: -Dorg.apache.catalina.security.SecurityListener.UMASK=0027
30-Aug-2022 14:41:03.338 INFO [main] org.apache.catalina.startup.VersionLoggerListener.log Command line argument: -Dignore.endorsed.dirs=
30-Aug-2022 14:41:03.343 INFO [main] org.apache.catalina.startup.VersionLoggerListener.log Command line argument: -Dcatalina.base=/Users/fradaperypetie/Dysk Google/git-github/JENKINS123/temp/apache-tomcat-prod
30-Aug-2022 14:41:03.344 INFO [main] org.apache.catalina.startup.VersionLoggerListener.log Command line argument: -Dcatalina.home=/Users/fradaperypetie/Dysk Google/git-github/JENKINS123/temp/apache-tomcat-prod
30-Aug-2022 14:41:03.344 INFO [main] org.apache.catalina.startup.VersionLoggerListener.log Command line argument: -Djava.io.tmpdir=/Users/fradaperypetie/Dysk Google/git-github/JENKINS123/temp/apache-tomcat-prod/temp
30-Aug-2022 14:41:03.362 INFO [main] org.apache.catalina.core.AprLifecycleListener.lifecycleEvent The Apache Tomcat Native library which allows using OpenSSL was not found on the java.library.path: [/Users/fradaperypetie/Library/Java/Extensions:/Library/Java/Extensions:/Network/Library/Java/Extensions:/System/Library/Java/Extensions:/usr/lib/java:.]
30-Aug-2022 14:41:04.134 INFO [main] org.apache.coyote.AbstractProtocol.init Initializing ProtocolHandler ["http-nio-9091"]
30-Aug-2022 14:41:04.240 INFO [main] org.apache.catalina.startup.Catalina.load Server initialization in [2031] milliseconds
30-Aug-2022 14:41:04.712 INFO [main] org.apache.catalina.core.StandardService.startInternal Starting service [Catalina]
30-Aug-2022 14:41:04.713 INFO [main] org.apache.catalina.core.StandardEngine.startInternal Starting Servlet engine: [Apache Tomcat/9.0.65]
30-Aug-2022 14:41:04.767 INFO [main] org.apache.catalina.startup.HostConfig.deployWAR Deploying web application archive [/Users/fradaperypetie/Dysk Google/git-github/JENKINS123/temp/apache-tomcat-prod/webapps/java-tomcat-maven-example.war]
30-Aug-2022 14:41:05.445 INFO [main] org.apache.catalina.startup.HostConfig.deployWAR Deployment of web application archive [/Users/fradaperypetie/Dysk Google/git-github/JENKINS123/temp/apache-tomcat-prod/webapps/java-tomcat-maven-example.war] has finished in [678] ms
30-Aug-2022 14:41:05.446 INFO [main] org.apache.catalina.startup.HostConfig.deployWAR Deploying web application archive [/Users/fradaperypetie/Dysk Google/git-github/JENKINS123/temp/apache-tomcat-prod/webapps/ROOT.war]
30-Aug-2022 14:41:05.489 INFO [main] org.apache.catalina.startup.HostConfig.deployWAR Deployment of web application archive [/Users/fradaperypetie/Dysk Google/git-github/JENKINS123/temp/apache-tomcat-prod/webapps/ROOT.war] has finished in [43] ms
30-Aug-2022 14:41:05.490 INFO [main] org.apache.catalina.startup.HostConfig.deployDirectory Deploying web application directory [/Users/fradaperypetie/Dysk Google/git-github/JENKINS123/temp/apache-tomcat-prod/webapps/docs]
30-Aug-2022 14:41:05.536 INFO [main] org.apache.catalina.startup.HostConfig.deployDirectory Deployment of web application directory [/Users/fradaperypetie/Dysk Google/git-github/JENKINS123/temp/apache-tomcat-prod/webapps/docs] has finished in [46] ms
30-Aug-2022 14:41:05.539 INFO [main] org.apache.catalina.startup.HostConfig.deployDirectory Deploying web application directory [/Users/fradaperypetie/Dysk Google/git-github/JENKINS123/temp/apache-tomcat-prod/webapps/manager]
30-Aug-2022 14:41:05.601 INFO [main] org.apache.catalina.startup.HostConfig.deployDirectory Deployment of web application directory [/Users/fradaperypetie/Dysk Google/git-github/JENKINS123/temp/apache-tomcat-prod/webapps/manager] has finished in [62] ms
30-Aug-2022 14:41:05.601 INFO [main] org.apache.catalina.startup.HostConfig.deployDirectory Deploying web application directory [/Users/fradaperypetie/Dysk Google/git-github/JENKINS123/temp/apache-tomcat-prod/webapps/examples]
30-Aug-2022 14:41:06.001 INFO [main] org.apache.catalina.startup.HostConfig.deployDirectory Deployment of web application directory [/Users/fradaperypetie/Dysk Google/git-github/JENKINS123/temp/apache-tomcat-prod/webapps/examples] has finished in [400] ms
30-Aug-2022 14:41:06.001 INFO [main] org.apache.catalina.startup.HostConfig.deployDirectory Deploying web application directory [/Users/fradaperypetie/Dysk Google/git-github/JENKINS123/temp/apache-tomcat-prod/webapps/host-manager]
30-Aug-2022 14:41:06.117 INFO [main] org.apache.catalina.startup.HostConfig.deployDirectory Deployment of web application directory [/Users/fradaperypetie/Dysk Google/git-github/JENKINS123/temp/apache-tomcat-prod/webapps/host-manager] has finished in [116] ms
30-Aug-2022 14:41:06.133 INFO [main] org.apache.coyote.AbstractProtocol.start Starting ProtocolHandler ["http-nio-9091"]
30-Aug-2022 14:41:06.164 INFO [main] org.apache.catalina.startup.Catalina.start Server startup in [1915] milliseconds
30-Aug-2022 14:41:52.990 INFO [http-nio-9091-exec-2] org.apache.catalina.startup.HostConfig.undeploy Undeploying context [/java-tomcat-maven-example]
30-Aug-2022 14:41:53.003 INFO [http-nio-9091-exec-9] org.apache.catalina.startup.HostConfig.deployWAR Deploying web application archive [/Users/fradaperypetie/Dysk Google/git-github/JENKINS123/temp/apache-tomcat-prod/webapps/java-tomcat-maven-example.war]
30-Aug-2022 14:41:53.046 INFO [http-nio-9091-exec-9] org.apache.catalina.startup.HostConfig.deployWAR Deployment of web application archive [/Users/fradaperypetie/Dysk Google/git-github/JENKINS123/temp/apache-tomcat-prod/webapps/java-tomcat-maven-example.war] has finished in [43] ms
30-Aug-2022 14:43:18.741 INFO [http-nio-9091-exec-13] org.apache.catalina.startup.HostConfig.undeploy Undeploying context [/java-tomcat-maven-example]
30-Aug-2022 14:43:18.752 INFO [http-nio-9091-exec-9] org.apache.catalina.startup.HostConfig.deployWAR Deploying web application archive [/Users/fradaperypetie/Dysk Google/git-github/JENKINS123/temp/apache-tomcat-prod/webapps/java-tomcat-maven-example.war]
30-Aug-2022 14:43:18.805 INFO [http-nio-9091-exec-9] org.apache.catalina.startup.HostConfig.deployWAR Deployment of web application archive [/Users/fradaperypetie/Dysk Google/git-github/JENKINS123/temp/apache-tomcat-prod/webapps/java-tomcat-maven-example.war] has finished in [53] ms
30-Aug-2022 14:47:04.829 INFO [main] org.apache.catalina.core.StandardServer.await A valid shutdown command was received via the shutdown port. Stopping the Server instance.
30-Aug-2022 14:47:04.830 INFO [main] org.apache.coyote.AbstractProtocol.pause Pausing ProtocolHandler ["http-nio-9091"]
30-Aug-2022 14:47:04.834 INFO [main] org.apache.catalina.core.StandardService.stopInternal Stopping service [Catalina]
30-Aug-2022 14:47:04.867 INFO [main] org.apache.coyote.AbstractProtocol.stop Stopping ProtocolHandler ["http-nio-9091"]
30-Aug-2022 14:47:04.876 INFO [main] org.apache.coyote.AbstractProtocol.destroy Destroying ProtocolHandler ["http-nio-9091"]
30-Aug-2022 14:48:33.209 INFO [main] org.apache.catalina.startup.VersionLoggerListener.log Server version name:   Apache Tomcat/9.0.65
30-Aug-2022 14:48:33.221 INFO [main] org.apache.catalina.startup.VersionLoggerListener.log Server built:          Jul 14 2022 12:28:53 UTC
30-Aug-2022 14:48:33.221 INFO [main] org.apache.catalina.startup.VersionLoggerListener.log Server version number: 9.0.65.0
30-Aug-2022 14:48:33.221 INFO [main] org.apache.catalina.startup.VersionLoggerListener.log OS Name:               Mac OS X
30-Aug-2022 14:48:33.221 INFO [main] org.apache.catalina.startup.VersionLoggerListener.log OS Version:            11.5
30-Aug-2022 14:48:33.221 INFO [main] org.apache.catalina.startup.VersionLoggerListener.log Architecture:          x86_64
30-Aug-2022 14:48:33.221 INFO [main] org.apache.catalina.startup.VersionLoggerListener.log Java Home:             /Library/Java/JavaVirtualMachines/adoptopenjdk-11.jdk/Contents/Home
30-Aug-2022 14:48:33.221 INFO [main] org.apache.catalina.startup.VersionLoggerListener.log JVM Version:           11.0.11+9
30-Aug-2022 14:48:33.222 INFO [main] org.apache.catalina.startup.VersionLoggerListener.log JVM Vendor:            AdoptOpenJDK
30-Aug-2022 14:48:33.222 INFO [main] org.apache.catalina.startup.VersionLoggerListener.log CATALINA_BASE:         /Users/fradaperypetie/Dysk Google/git-github/JENKINS123/temp/apache-tomcat-prod
30-Aug-2022 14:48:33.222 INFO [main] org.apache.catalina.startup.VersionLoggerListener.log CATALINA_HOME:         /Users/fradaperypetie/Dysk Google/git-github/JENKINS123/temp/apache-tomcat-prod
30-Aug-2022 14:48:33.256 INFO [main] org.apache.catalina.startup.VersionLoggerListener.log Command line argument: --add-opens=java.base/java.lang=ALL-UNNAMED
30-Aug-2022 14:48:33.256 INFO [main] org.apache.catalina.startup.VersionLoggerListener.log Command line argument: --add-opens=java.base/java.io=ALL-UNNAMED
30-Aug-2022 14:48:33.257 INFO [main] org.apache.catalina.startup.VersionLoggerListener.log Command line argument: --add-opens=java.base/java.util=ALL-UNNAMED
30-Aug-2022 14:48:33.257 INFO [main] org.apache.catalina.startup.VersionLoggerListener.log Command line argument: --add-opens=java.base/java.util.concurrent=ALL-UNNAMED
30-Aug-2022 14:48:33.257 INFO [main] org.apache.catalina.startup.VersionLoggerListener.log Command line argument: --add-opens=java.rmi/sun.rmi.transport=ALL-UNNAMED
30-Aug-2022 14:48:33.257 INFO [main] org.apache.catalina.startup.VersionLoggerListener.log Command line argument: -Djava.util.logging.config.file=/Users/fradaperypetie/Dysk Google/git-github/JENKINS123/temp/apache-tomcat-prod/conf/logging.properties
30-Aug-2022 14:48:33.258 INFO [main] org.apache.catalina.startup.VersionLoggerListener.log Command line argument: -Djava.util.logging.manager=org.apache.juli.ClassLoaderLogManager
30-Aug-2022 14:48:33.259 INFO [main] org.apache.catalina.startup.VersionLoggerListener.log Command line argument: -Djdk.tls.ephemeralDHKeySize=2048
30-Aug-2022 14:48:33.259 INFO [main] org.apache.catalina.startup.VersionLoggerListener.log Command line argument: -Djava.protocol.handler.pkgs=org.apache.catalina.webresources
30-Aug-2022 14:48:33.260 INFO [main] org.apache.catalina.startup.VersionLoggerListener.log Command line argument: -Dorg.apache.catalina.security.SecurityListener.UMASK=0027
30-Aug-2022 14:48:33.260 INFO [main] org.apache.catalina.startup.VersionLoggerListener.log Command line argument: -Dignore.endorsed.dirs=
30-Aug-2022 14:48:33.261 INFO [main] org.apache.catalina.startup.VersionLoggerListener.log Command line argument: -Dcatalina.base=/Users/fradaperypetie/Dysk Google/git-github/JENKINS123/temp/apache-tomcat-prod
30-Aug-2022 14:48:33.261 INFO [main] org.apache.catalina.startup.VersionLoggerListener.log Command line argument: -Dcatalina.home=/Users/fradaperypetie/Dysk Google/git-github/JENKINS123/temp/apache-tomcat-prod
30-Aug-2022 14:48:33.261 INFO [main] org.apache.catalina.startup.VersionLoggerListener.log Command line argument: -Djava.io.tmpdir=/Users/fradaperypetie/Dysk Google/git-github/JENKINS123/temp/apache-tomcat-prod/temp
30-Aug-2022 14:48:33.276 INFO [main] org.apache.catalina.core.AprLifecycleListener.lifecycleEvent The Apache Tomcat Native library which allows using OpenSSL was not found on the java.library.path: [/Users/fradaperypetie/Library/Java/Extensions:/Library/Java/Extensions:/Network/Library/Java/Extensions:/System/Library/Java/Extensions:/usr/lib/java:.]
30-Aug-2022 14:48:34.442 INFO [main] org.apache.coyote.AbstractProtocol.init Initializing ProtocolHandler ["http-nio-9091"]
30-Aug-2022 14:48:34.559 INFO [main] org.apache.catalina.startup.Catalina.load Server initialization in [2033] milliseconds
30-Aug-2022 14:48:34.711 INFO [main] org.apache.catalina.core.StandardService.startInternal Starting service [Catalina]
30-Aug-2022 14:48:34.711 INFO [main] org.apache.catalina.core.StandardEngine.startInternal Starting Servlet engine: [Apache Tomcat/9.0.65]
30-Aug-2022 14:48:34.761 INFO [main] org.apache.catalina.startup.HostConfig.deployWAR Deploying web application archive [/Users/fradaperypetie/Dysk Google/git-github/JENKINS123/temp/apache-tomcat-prod/webapps/java-tomcat-maven-example.war]
30-Aug-2022 14:48:36.225 INFO [main] org.apache.catalina.startup.HostConfig.deployWAR Deployment of web application archive [/Users/fradaperypetie/Dysk Google/git-github/JENKINS123/temp/apache-tomcat-prod/webapps/java-tomcat-maven-example.war] has finished in [1,463] ms
30-Aug-2022 14:48:36.228 INFO [main] org.apache.catalina.startup.HostConfig.deployWAR Deploying web application archive [/Users/fradaperypetie/Dysk Google/git-github/JENKINS123/temp/apache-tomcat-prod/webapps/ROOT.war]
30-Aug-2022 14:48:36.425 INFO [main] org.apache.catalina.startup.HostConfig.deployWAR Deployment of web application archive [/Users/fradaperypetie/Dysk Google/git-github/JENKINS123/temp/apache-tomcat-prod/webapps/ROOT.war] has finished in [196] ms
30-Aug-2022 14:48:36.430 INFO [main] org.apache.catalina.startup.HostConfig.deployDirectory Deploying web application directory [/Users/fradaperypetie/Dysk Google/git-github/JENKINS123/temp/apache-tomcat-prod/webapps/docs]
30-Aug-2022 14:48:36.512 INFO [main] org.apache.catalina.startup.HostConfig.deployDirectory Deployment of web application directory [/Users/fradaperypetie/Dysk Google/git-github/JENKINS123/temp/apache-tomcat-prod/webapps/docs] has finished in [82] ms
30-Aug-2022 14:48:36.513 INFO [main] org.apache.catalina.startup.HostConfig.deployDirectory Deploying web application directory [/Users/fradaperypetie/Dysk Google/git-github/JENKINS123/temp/apache-tomcat-prod/webapps/manager]
30-Aug-2022 14:48:36.637 INFO [main] org.apache.catalina.startup.HostConfig.deployDirectory Deployment of web application directory [/Users/fradaperypetie/Dysk Google/git-github/JENKINS123/temp/apache-tomcat-prod/webapps/manager] has finished in [124] ms
30-Aug-2022 14:48:36.638 INFO [main] org.apache.catalina.startup.HostConfig.deployDirectory Deploying web application directory [/Users/fradaperypetie/Dysk Google/git-github/JENKINS123/temp/apache-tomcat-prod/webapps/examples]
30-Aug-2022 14:48:37.891 INFO [main] org.apache.catalina.startup.HostConfig.deployDirectory Deployment of web application directory [/Users/fradaperypetie/Dysk Google/git-github/JENKINS123/temp/apache-tomcat-prod/webapps/examples] has finished in [1,252] ms
30-Aug-2022 14:48:37.891 INFO [main] org.apache.catalina.startup.HostConfig.deployDirectory Deploying web application directory [/Users/fradaperypetie/Dysk Google/git-github/JENKINS123/temp/apache-tomcat-prod/webapps/host-manager]
30-Aug-2022 14:48:37.946 INFO [main] org.apache.catalina.startup.HostConfig.deployDirectory Deployment of web application directory [/Users/fradaperypetie/Dysk Google/git-github/JENKINS123/temp/apache-tomcat-prod/webapps/host-manager] has finished in [55] ms
30-Aug-2022 14:48:37.973 INFO [main] org.apache.coyote.AbstractProtocol.start Starting ProtocolHandler ["http-nio-9091"]
30-Aug-2022 14:48:38.010 INFO [main] org.apache.catalina.startup.Catalina.start Server startup in [3449] milliseconds
30-Aug-2022 14:48:48.514 INFO [http-nio-9091-exec-2] org.apache.catalina.startup.HostConfig.undeploy Undeploying context [/java-tomcat-maven-example]
30-Aug-2022 14:48:48.546 INFO [http-nio-9091-exec-9] org.apache.catalina.startup.HostConfig.deployWAR Deploying web application archive [/Users/fradaperypetie/Dysk Google/git-github/JENKINS123/temp/apache-tomcat-prod/webapps/java-tomcat-maven-example.war]
30-Aug-2022 14:48:48.626 INFO [http-nio-9091-exec-9] org.apache.catalina.startup.HostConfig.deployWAR Deployment of web application archive [/Users/fradaperypetie/Dysk Google/git-github/JENKINS123/temp/apache-tomcat-prod/webapps/java-tomcat-maven-example.war] has finished in [80] ms
