30-Aug-2022 13:02:22.242 INFO [main] org.apache.catalina.core.ApplicationContext.log ContextListener: contextInitialized()
30-Aug-2022 13:02:22.242 INFO [main] org.apache.catalina.core.ApplicationContext.log SessionListener: contextInitialized()
30-Aug-2022 13:02:22.245 INFO [main] org.apache.catalina.core.ApplicationContext.log ContextListener: attributeAdded('StockTicker', 'async.Stockticker@6bb7cce7')
30-Aug-2022 13:02:42.700 INFO [main] org.apache.catalina.core.ApplicationContext.log SessionListener: contextDestroyed()
30-Aug-2022 13:02:42.700 INFO [main] org.apache.catalina.core.ApplicationContext.log ContextListener: contextDestroyed()
30-Aug-2022 14:13:56.418 INFO [main] org.apache.catalina.core.ApplicationContext.log ContextListener: contextInitialized()
30-Aug-2022 14:13:56.418 INFO [main] org.apache.catalina.core.ApplicationContext.log SessionListener: contextInitialized()
30-Aug-2022 14:13:56.420 INFO [main] org.apache.catalina.core.ApplicationContext.log ContextListener: attributeAdded('StockTicker', 'async.Stockticker@7e053511')
30-Aug-2022 14:16:16.684 INFO [main] org.apache.catalina.core.ApplicationContext.log SessionListener: contextDestroyed()
30-Aug-2022 14:16:16.684 INFO [main] org.apache.catalina.core.ApplicationContext.log ContextListener: contextDestroyed()
30-Aug-2022 14:29:39.189 INFO [main] org.apache.catalina.core.ApplicationContext.log ContextListener: contextInitialized()
30-Aug-2022 14:29:39.190 INFO [main] org.apache.catalina.core.ApplicationContext.log SessionListener: contextInitialized()
30-Aug-2022 14:29:39.192 INFO [main] org.apache.catalina.core.ApplicationContext.log ContextListener: attributeAdded('StockTicker', 'async.Stockticker@7a9c84a5')
30-Aug-2022 14:29:39.444 INFO [main] org.apache.catalina.core.ApplicationContext.log SessionListener: contextDestroyed()
30-Aug-2022 14:29:39.444 INFO [main] org.apache.catalina.core.ApplicationContext.log ContextListener: contextDestroyed()
30-Aug-2022 14:30:05.357 INFO [main] org.apache.catalina.core.ApplicationContext.log ContextListener: contextInitialized()
30-Aug-2022 14:30:05.357 INFO [main] org.apache.catalina.core.ApplicationContext.log SessionListener: contextInitialized()
30-Aug-2022 14:30:05.359 INFO [main] org.apache.catalina.core.ApplicationContext.log ContextListener: attributeAdded('StockTicker', 'async.Stockticker@48d7ad8b')
30-Aug-2022 14:36:09.059 INFO [main] org.apache.catalina.core.ApplicationContext.log SessionListener: contextDestroyed()
30-Aug-2022 14:36:09.059 INFO [main] org.apache.catalina.core.ApplicationContext.log ContextListener: contextDestroyed()
30-Aug-2022 14:41:05.988 INFO [main] org.apache.catalina.core.ApplicationContext.log ContextListener: contextInitialized()
30-Aug-2022 14:41:05.988 INFO [main] org.apache.catalina.core.ApplicationContext.log SessionListener: contextInitialized()
30-Aug-2022 14:41:05.990 INFO [main] org.apache.catalina.core.ApplicationContext.log ContextListener: attributeAdded('StockTicker', 'async.Stockticker@5c09d180')
30-Aug-2022 14:47:04.854 INFO [main] org.apache.catalina.core.ApplicationContext.log SessionListener: contextDestroyed()
30-Aug-2022 14:47:04.855 INFO [main] org.apache.catalina.core.ApplicationContext.log ContextListener: contextDestroyed()
30-Aug-2022 14:48:37.862 INFO [main] org.apache.catalina.core.ApplicationContext.log ContextListener: contextInitialized()
30-Aug-2022 14:48:37.863 INFO [main] org.apache.catalina.core.ApplicationContext.log SessionListener: contextInitialized()
30-Aug-2022 14:48:37.873 INFO [main] org.apache.catalina.core.ApplicationContext.log ContextListener: attributeAdded('StockTicker', 'async.Stockticker@169da7f2')
