29-Aug-2022 08:50:27.501 INFO [main] org.apache.catalina.core.ApplicationContext.log ContextListener: contextInitialized()
29-Aug-2022 08:50:27.501 INFO [main] org.apache.catalina.core.ApplicationContext.log SessionListener: contextInitialized()
29-Aug-2022 08:50:27.503 INFO [main] org.apache.catalina.core.ApplicationContext.log ContextListener: attributeAdded('StockTicker', 'async.Stockticker@76f10035')
29-Aug-2022 09:26:03.735 INFO [main] org.apache.catalina.core.ApplicationContext.log SessionListener: contextDestroyed()
29-Aug-2022 09:26:03.735 INFO [main] org.apache.catalina.core.ApplicationContext.log ContextListener: contextDestroyed()
29-Aug-2022 09:52:22.747 INFO [main] org.apache.catalina.core.ApplicationContext.log ContextListener: contextInitialized()
29-Aug-2022 09:52:22.747 INFO [main] org.apache.catalina.core.ApplicationContext.log SessionListener: contextInitialized()
29-Aug-2022 09:52:22.752 INFO [main] org.apache.catalina.core.ApplicationContext.log ContextListener: attributeAdded('StockTicker', 'async.Stockticker@2b50150')
29-Aug-2022 09:52:22.908 INFO [main] org.apache.catalina.core.ApplicationContext.log SessionListener: contextDestroyed()
29-Aug-2022 09:52:22.908 INFO [main] org.apache.catalina.core.ApplicationContext.log ContextListener: contextDestroyed()
29-Aug-2022 09:59:57.393 INFO [main] org.apache.catalina.core.ApplicationContext.log ContextListener: contextInitialized()
29-Aug-2022 09:59:57.394 INFO [main] org.apache.catalina.core.ApplicationContext.log SessionListener: contextInitialized()
29-Aug-2022 09:59:57.399 INFO [main] org.apache.catalina.core.ApplicationContext.log ContextListener: attributeAdded('StockTicker', 'async.Stockticker@4c7a078')
29-Aug-2022 10:05:27.311 INFO [main] org.apache.catalina.core.ApplicationContext.log SessionListener: contextDestroyed()
29-Aug-2022 10:05:27.311 INFO [main] org.apache.catalina.core.ApplicationContext.log ContextListener: contextDestroyed()
29-Aug-2022 10:29:34.310 INFO [main] org.apache.catalina.core.ApplicationContext.log ContextListener: contextInitialized()
29-Aug-2022 10:29:34.310 INFO [main] org.apache.catalina.core.ApplicationContext.log SessionListener: contextInitialized()
29-Aug-2022 10:29:34.313 INFO [main] org.apache.catalina.core.ApplicationContext.log ContextListener: attributeAdded('StockTicker', 'async.Stockticker@5d52e3ef')
29-Aug-2022 10:29:34.421 INFO [main] org.apache.catalina.core.ApplicationContext.log SessionListener: contextDestroyed()
29-Aug-2022 10:29:34.421 INFO [main] org.apache.catalina.core.ApplicationContext.log ContextListener: contextDestroyed()
29-Aug-2022 10:30:02.503 INFO [main] org.apache.catalina.core.ApplicationContext.log ContextListener: contextInitialized()
29-Aug-2022 10:30:02.503 INFO [main] org.apache.catalina.core.ApplicationContext.log SessionListener: contextInitialized()
29-Aug-2022 10:30:02.505 INFO [main] org.apache.catalina.core.ApplicationContext.log ContextListener: attributeAdded('StockTicker', 'async.Stockticker@5298dead')
29-Aug-2022 10:30:50.091 INFO [main] org.apache.catalina.core.ApplicationContext.log SessionListener: contextDestroyed()
29-Aug-2022 10:30:50.092 INFO [main] org.apache.catalina.core.ApplicationContext.log ContextListener: contextDestroyed()
29-Aug-2022 10:31:51.571 INFO [main] org.apache.catalina.core.ApplicationContext.log ContextListener: contextInitialized()
29-Aug-2022 10:31:51.572 INFO [main] org.apache.catalina.core.ApplicationContext.log SessionListener: contextInitialized()
29-Aug-2022 10:31:51.739 INFO [main] org.apache.catalina.core.ApplicationContext.log ContextListener: attributeAdded('StockTicker', 'async.Stockticker@ceb4bd2')
29-Aug-2022 10:31:51.925 INFO [main] org.apache.catalina.core.ApplicationContext.log SessionListener: contextDestroyed()
29-Aug-2022 10:31:51.925 INFO [main] org.apache.catalina.core.ApplicationContext.log ContextListener: contextDestroyed()
29-Aug-2022 10:32:10.577 INFO [main] org.apache.catalina.core.ApplicationContext.log ContextListener: contextInitialized()
29-Aug-2022 10:32:10.577 INFO [main] org.apache.catalina.core.ApplicationContext.log SessionListener: contextInitialized()
29-Aug-2022 10:32:10.579 INFO [main] org.apache.catalina.core.ApplicationContext.log ContextListener: attributeAdded('StockTicker', 'async.Stockticker@26f1249d')
29-Aug-2022 14:43:42.796 INFO [Thread-2] org.apache.catalina.core.ApplicationContext.log SessionListener: contextDestroyed()
29-Aug-2022 14:43:42.797 INFO [Thread-2] org.apache.catalina.core.ApplicationContext.log ContextListener: contextDestroyed()
