30-Aug-2022 13:00:43.378 INFO [main] org.apache.catalina.startup.VersionLoggerListener.log Server version name:   Apache Tomcat/9.0.65
30-Aug-2022 13:00:43.391 INFO [main] org.apache.catalina.startup.VersionLoggerListener.log Server built:          Jul 14 2022 12:28:53 UTC
30-Aug-2022 13:00:43.391 INFO [main] org.apache.catalina.startup.VersionLoggerListener.log Server version number: 9.0.65.0
30-Aug-2022 13:00:43.391 INFO [main] org.apache.catalina.startup.VersionLoggerListener.log OS Name:               Mac OS X
30-Aug-2022 13:00:43.391 INFO [main] org.apache.catalina.startup.VersionLoggerListener.log OS Version:            11.5
30-Aug-2022 13:00:43.392 INFO [main] org.apache.catalina.startup.VersionLoggerListener.log Architecture:          x86_64
30-Aug-2022 13:00:43.392 INFO [main] org.apache.catalina.startup.VersionLoggerListener.log Java Home:             /Library/Java/JavaVirtualMachines/adoptopenjdk-11.jdk/Contents/Home
30-Aug-2022 13:00:43.392 INFO [main] org.apache.catalina.startup.VersionLoggerListener.log JVM Version:           11.0.11+9
30-Aug-2022 13:00:43.392 INFO [main] org.apache.catalina.startup.VersionLoggerListener.log JVM Vendor:            AdoptOpenJDK
30-Aug-2022 13:00:43.392 INFO [main] org.apache.catalina.startup.VersionLoggerListener.log CATALINA_BASE:         /Users/fradaperypetie/Dysk Google/git-github/JENKINS123/temp/apache-tomcat-9.0.65
30-Aug-2022 13:00:43.392 INFO [main] org.apache.catalina.startup.VersionLoggerListener.log CATALINA_HOME:         /Users/fradaperypetie/Dysk Google/git-github/JENKINS123/temp/apache-tomcat-9.0.65
30-Aug-2022 13:00:43.463 INFO [main] org.apache.catalina.startup.VersionLoggerListener.log Command line argument: --add-opens=java.base/java.lang=ALL-UNNAMED
30-Aug-2022 13:00:43.463 INFO [main] org.apache.catalina.startup.VersionLoggerListener.log Command line argument: --add-opens=java.base/java.io=ALL-UNNAMED
30-Aug-2022 13:00:43.464 INFO [main] org.apache.catalina.startup.VersionLoggerListener.log Command line argument: --add-opens=java.base/java.util=ALL-UNNAMED
30-Aug-2022 13:00:43.464 INFO [main] org.apache.catalina.startup.VersionLoggerListener.log Command line argument: --add-opens=java.base/java.util.concurrent=ALL-UNNAMED
30-Aug-2022 13:00:43.464 INFO [main] org.apache.catalina.startup.VersionLoggerListener.log Command line argument: --add-opens=java.rmi/sun.rmi.transport=ALL-UNNAMED
30-Aug-2022 13:00:43.464 INFO [main] org.apache.catalina.startup.VersionLoggerListener.log Command line argument: -Djava.util.logging.config.file=/Users/fradaperypetie/Dysk Google/git-github/JENKINS123/temp/apache-tomcat-9.0.65/conf/logging.properties
30-Aug-2022 13:00:43.465 INFO [main] org.apache.catalina.startup.VersionLoggerListener.log Command line argument: -Djava.util.logging.manager=org.apache.juli.ClassLoaderLogManager
30-Aug-2022 13:00:43.465 INFO [main] org.apache.catalina.startup.VersionLoggerListener.log Command line argument: -Djdk.tls.ephemeralDHKeySize=2048
30-Aug-2022 13:00:43.465 INFO [main] org.apache.catalina.startup.VersionLoggerListener.log Command line argument: -Djava.protocol.handler.pkgs=org.apache.catalina.webresources
30-Aug-2022 13:00:43.465 INFO [main] org.apache.catalina.startup.VersionLoggerListener.log Command line argument: -Dorg.apache.catalina.security.SecurityListener.UMASK=0027
30-Aug-2022 13:00:43.465 INFO [main] org.apache.catalina.startup.VersionLoggerListener.log Command line argument: -Dignore.endorsed.dirs=
30-Aug-2022 13:00:43.465 INFO [main] org.apache.catalina.startup.VersionLoggerListener.log Command line argument: -Dcatalina.base=/Users/fradaperypetie/Dysk Google/git-github/JENKINS123/temp/apache-tomcat-9.0.65
30-Aug-2022 13:00:43.466 INFO [main] org.apache.catalina.startup.VersionLoggerListener.log Command line argument: -Dcatalina.home=/Users/fradaperypetie/Dysk Google/git-github/JENKINS123/temp/apache-tomcat-9.0.65
30-Aug-2022 13:00:43.466 INFO [main] org.apache.catalina.startup.VersionLoggerListener.log Command line argument: -Djava.io.tmpdir=/Users/fradaperypetie/Dysk Google/git-github/JENKINS123/temp/apache-tomcat-9.0.65/temp
30-Aug-2022 13:00:43.470 INFO [main] org.apache.catalina.core.AprLifecycleListener.lifecycleEvent The Apache Tomcat Native library which allows using OpenSSL was not found on the java.library.path: [/Users/fradaperypetie/Library/Java/Extensions:/Library/Java/Extensions:/Network/Library/Java/Extensions:/System/Library/Java/Extensions:/usr/lib/java:.]
30-Aug-2022 13:00:44.017 INFO [main] org.apache.coyote.AbstractProtocol.init Initializing ProtocolHandler ["http-nio-9090"]
30-Aug-2022 13:00:44.087 INFO [main] org.apache.catalina.startup.Catalina.load Server initialization in [1078] milliseconds
30-Aug-2022 13:00:44.184 INFO [main] org.apache.catalina.core.StandardService.startInternal Starting service [Catalina]
30-Aug-2022 13:00:44.184 INFO [main] org.apache.catalina.core.StandardEngine.startInternal Starting Servlet engine: [Apache Tomcat/9.0.65]
30-Aug-2022 13:00:44.218 INFO [main] org.apache.catalina.startup.HostConfig.deployWAR Deploying web application archive [/Users/fradaperypetie/Dysk Google/git-github/JENKINS123/temp/apache-tomcat-9.0.65/webapps/ROOT.war]
30-Aug-2022 13:00:44.759 INFO [main] org.apache.catalina.startup.HostConfig.deployWAR Deployment of web application archive [/Users/fradaperypetie/Dysk Google/git-github/JENKINS123/temp/apache-tomcat-9.0.65/webapps/ROOT.war] has finished in [540] ms
30-Aug-2022 13:00:44.760 INFO [main] org.apache.catalina.startup.HostConfig.deployDirectory Deploying web application directory [/Users/fradaperypetie/Dysk Google/git-github/JENKINS123/temp/apache-tomcat-9.0.65/webapps/docs]
30-Aug-2022 13:00:44.789 INFO [main] org.apache.catalina.startup.HostConfig.deployDirectory Deployment of web application directory [/Users/fradaperypetie/Dysk Google/git-github/JENKINS123/temp/apache-tomcat-9.0.65/webapps/docs] has finished in [29] ms
30-Aug-2022 13:00:44.789 INFO [main] org.apache.catalina.startup.HostConfig.deployDirectory Deploying web application directory [/Users/fradaperypetie/Dysk Google/git-github/JENKINS123/temp/apache-tomcat-9.0.65/webapps/manager]
30-Aug-2022 13:00:44.864 INFO [main] org.apache.catalina.startup.HostConfig.deployDirectory Deployment of web application directory [/Users/fradaperypetie/Dysk Google/git-github/JENKINS123/temp/apache-tomcat-9.0.65/webapps/manager] has finished in [75] ms
30-Aug-2022 13:00:44.865 INFO [main] org.apache.catalina.startup.HostConfig.deployDirectory Deploying web application directory [/Users/fradaperypetie/Dysk Google/git-github/JENKINS123/temp/apache-tomcat-9.0.65/webapps/examples]
30-Aug-2022 13:00:45.336 INFO [main] org.apache.catalina.startup.HostConfig.deployDirectory Deployment of web application directory [/Users/fradaperypetie/Dysk Google/git-github/JENKINS123/temp/apache-tomcat-9.0.65/webapps/examples] has finished in [472] ms
30-Aug-2022 13:00:45.337 INFO [main] org.apache.catalina.startup.HostConfig.deployDirectory Deploying web application directory [/Users/fradaperypetie/Dysk Google/git-github/JENKINS123/temp/apache-tomcat-9.0.65/webapps/host-manager]
30-Aug-2022 13:00:45.380 INFO [main] org.apache.catalina.startup.HostConfig.deployDirectory Deployment of web application directory [/Users/fradaperypetie/Dysk Google/git-github/JENKINS123/temp/apache-tomcat-9.0.65/webapps/host-manager] has finished in [44] ms
30-Aug-2022 13:00:45.392 INFO [main] org.apache.coyote.AbstractProtocol.start Starting ProtocolHandler ["http-nio-9090"]
30-Aug-2022 13:00:45.413 INFO [main] org.apache.catalina.startup.Catalina.start Server startup in [1325] milliseconds
30-Aug-2022 13:01:18.615 INFO [main] org.apache.catalina.core.StandardServer.await A valid shutdown command was received via the shutdown port. Stopping the Server instance.
30-Aug-2022 13:01:18.616 INFO [main] org.apache.coyote.AbstractProtocol.pause Pausing ProtocolHandler ["http-nio-9090"]
30-Aug-2022 13:01:18.622 INFO [main] org.apache.catalina.core.StandardService.stopInternal Stopping service [Catalina]
30-Aug-2022 13:01:18.668 INFO [main] org.apache.coyote.AbstractProtocol.stop Stopping ProtocolHandler ["http-nio-9090"]
30-Aug-2022 13:01:18.684 INFO [main] org.apache.coyote.AbstractProtocol.destroy Destroying ProtocolHandler ["http-nio-9090"]
30-Aug-2022 13:02:32.035 INFO [main] org.apache.catalina.startup.VersionLoggerListener.log Server version name:   Apache Tomcat/9.0.65
30-Aug-2022 13:02:32.040 INFO [main] org.apache.catalina.startup.VersionLoggerListener.log Server built:          Jul 14 2022 12:28:53 UTC
30-Aug-2022 13:02:32.041 INFO [main] org.apache.catalina.startup.VersionLoggerListener.log Server version number: 9.0.65.0
30-Aug-2022 13:02:32.041 INFO [main] org.apache.catalina.startup.VersionLoggerListener.log OS Name:               Mac OS X
30-Aug-2022 13:02:32.041 INFO [main] org.apache.catalina.startup.VersionLoggerListener.log OS Version:            11.5
30-Aug-2022 13:02:32.041 INFO [main] org.apache.catalina.startup.VersionLoggerListener.log Architecture:          x86_64
30-Aug-2022 13:02:32.042 INFO [main] org.apache.catalina.startup.VersionLoggerListener.log Java Home:             /Library/Java/JavaVirtualMachines/adoptopenjdk-11.jdk/Contents/Home
30-Aug-2022 13:02:32.042 INFO [main] org.apache.catalina.startup.VersionLoggerListener.log JVM Version:           11.0.11+9
30-Aug-2022 13:02:32.042 INFO [main] org.apache.catalina.startup.VersionLoggerListener.log JVM Vendor:            AdoptOpenJDK
30-Aug-2022 13:02:32.042 INFO [main] org.apache.catalina.startup.VersionLoggerListener.log CATALINA_BASE:         /Users/fradaperypetie/Dysk Google/git-github/JENKINS123/temp/apache-tomcat-9.0.65
30-Aug-2022 13:02:32.043 INFO [main] org.apache.catalina.startup.VersionLoggerListener.log CATALINA_HOME:         /Users/fradaperypetie/Dysk Google/git-github/JENKINS123/temp/apache-tomcat-9.0.65
30-Aug-2022 13:02:32.065 INFO [main] org.apache.catalina.startup.VersionLoggerListener.log Command line argument: --add-opens=java.base/java.lang=ALL-UNNAMED
30-Aug-2022 13:02:32.065 INFO [main] org.apache.catalina.startup.VersionLoggerListener.log Command line argument: --add-opens=java.base/java.io=ALL-UNNAMED
30-Aug-2022 13:02:32.065 INFO [main] org.apache.catalina.startup.VersionLoggerListener.log Command line argument: --add-opens=java.base/java.util=ALL-UNNAMED
30-Aug-2022 13:02:32.066 INFO [main] org.apache.catalina.startup.VersionLoggerListener.log Command line argument: --add-opens=java.base/java.util.concurrent=ALL-UNNAMED
30-Aug-2022 13:02:32.066 INFO [main] org.apache.catalina.startup.VersionLoggerListener.log Command line argument: --add-opens=java.rmi/sun.rmi.transport=ALL-UNNAMED
30-Aug-2022 13:02:32.066 INFO [main] org.apache.catalina.startup.VersionLoggerListener.log Command line argument: -Djava.util.logging.config.file=/Users/fradaperypetie/Dysk Google/git-github/JENKINS123/temp/apache-tomcat-9.0.65/conf/logging.properties
30-Aug-2022 13:02:32.067 INFO [main] org.apache.catalina.startup.VersionLoggerListener.log Command line argument: -Djava.util.logging.manager=org.apache.juli.ClassLoaderLogManager
30-Aug-2022 13:02:32.068 INFO [main] org.apache.catalina.startup.VersionLoggerListener.log Command line argument: -Djdk.tls.ephemeralDHKeySize=2048
30-Aug-2022 13:02:32.068 INFO [main] org.apache.catalina.startup.VersionLoggerListener.log Command line argument: -Djava.protocol.handler.pkgs=org.apache.catalina.webresources
30-Aug-2022 13:02:32.069 INFO [main] org.apache.catalina.startup.VersionLoggerListener.log Command line argument: -Dorg.apache.catalina.security.SecurityListener.UMASK=0027
30-Aug-2022 13:02:32.071 INFO [main] org.apache.catalina.startup.VersionLoggerListener.log Command line argument: -Dignore.endorsed.dirs=
30-Aug-2022 13:02:32.071 INFO [main] org.apache.catalina.startup.VersionLoggerListener.log Command line argument: -Dcatalina.base=/Users/fradaperypetie/Dysk Google/git-github/JENKINS123/temp/apache-tomcat-9.0.65
30-Aug-2022 13:02:32.072 INFO [main] org.apache.catalina.startup.VersionLoggerListener.log Command line argument: -Dcatalina.home=/Users/fradaperypetie/Dysk Google/git-github/JENKINS123/temp/apache-tomcat-9.0.65
30-Aug-2022 13:02:32.072 INFO [main] org.apache.catalina.startup.VersionLoggerListener.log Command line argument: -Djava.io.tmpdir=/Users/fradaperypetie/Dysk Google/git-github/JENKINS123/temp/apache-tomcat-9.0.65/temp
30-Aug-2022 13:02:32.078 INFO [main] org.apache.catalina.core.AprLifecycleListener.lifecycleEvent The Apache Tomcat Native library which allows using OpenSSL was not found on the java.library.path: [/Users/fradaperypetie/Library/Java/Extensions:/Library/Java/Extensions:/Network/Library/Java/Extensions:/System/Library/Java/Extensions:/usr/lib/java:.]
30-Aug-2022 13:02:32.980 INFO [main] org.apache.coyote.AbstractProtocol.init Initializing ProtocolHandler ["http-nio-9090"]
30-Aug-2022 13:02:33.048 INFO [main] org.apache.catalina.startup.Catalina.load Server initialization in [1433] milliseconds
30-Aug-2022 13:02:33.185 INFO [main] org.apache.catalina.core.StandardService.startInternal Starting service [Catalina]
30-Aug-2022 13:02:33.185 INFO [main] org.apache.catalina.core.StandardEngine.startInternal Starting Servlet engine: [Apache Tomcat/9.0.65]
30-Aug-2022 13:02:33.225 INFO [main] org.apache.catalina.startup.HostConfig.deployWAR Deploying web application archive [/Users/fradaperypetie/Dysk Google/git-github/JENKINS123/temp/apache-tomcat-9.0.65/webapps/ROOT.war]
30-Aug-2022 13:02:34.305 INFO [main] org.apache.catalina.startup.HostConfig.deployWAR Deployment of web application archive [/Users/fradaperypetie/Dysk Google/git-github/JENKINS123/temp/apache-tomcat-9.0.65/webapps/ROOT.war] has finished in [1,079] ms
30-Aug-2022 13:02:34.306 INFO [main] org.apache.catalina.startup.HostConfig.deployDirectory Deploying web application directory [/Users/fradaperypetie/Dysk Google/git-github/JENKINS123/temp/apache-tomcat-9.0.65/webapps/docs]
30-Aug-2022 13:02:34.342 INFO [main] org.apache.catalina.startup.HostConfig.deployDirectory Deployment of web application directory [/Users/fradaperypetie/Dysk Google/git-github/JENKINS123/temp/apache-tomcat-9.0.65/webapps/docs] has finished in [35] ms
30-Aug-2022 13:02:34.342 INFO [main] org.apache.catalina.startup.HostConfig.deployDirectory Deploying web application directory [/Users/fradaperypetie/Dysk Google/git-github/JENKINS123/temp/apache-tomcat-9.0.65/webapps/manager]
30-Aug-2022 13:02:34.426 INFO [main] org.apache.catalina.startup.HostConfig.deployDirectory Deployment of web application directory [/Users/fradaperypetie/Dysk Google/git-github/JENKINS123/temp/apache-tomcat-9.0.65/webapps/manager] has finished in [84] ms
30-Aug-2022 13:02:34.427 INFO [main] org.apache.catalina.startup.HostConfig.deployDirectory Deploying web application directory [/Users/fradaperypetie/Dysk Google/git-github/JENKINS123/temp/apache-tomcat-9.0.65/webapps/examples]
30-Aug-2022 13:02:34.912 INFO [main] org.apache.catalina.startup.HostConfig.deployDirectory Deployment of web application directory [/Users/fradaperypetie/Dysk Google/git-github/JENKINS123/temp/apache-tomcat-9.0.65/webapps/examples] has finished in [485] ms
30-Aug-2022 13:02:34.912 INFO [main] org.apache.catalina.startup.HostConfig.deployDirectory Deploying web application directory [/Users/fradaperypetie/Dysk Google/git-github/JENKINS123/temp/apache-tomcat-9.0.65/webapps/host-manager]
30-Aug-2022 13:02:34.948 INFO [main] org.apache.catalina.startup.HostConfig.deployDirectory Deployment of web application directory [/Users/fradaperypetie/Dysk Google/git-github/JENKINS123/temp/apache-tomcat-9.0.65/webapps/host-manager] has finished in [36] ms
30-Aug-2022 13:02:34.956 INFO [main] org.apache.coyote.AbstractProtocol.start Starting ProtocolHandler ["http-nio-9090"]
30-Aug-2022 13:02:34.981 INFO [main] org.apache.catalina.startup.Catalina.start Server startup in [1931] milliseconds
30-Aug-2022 13:02:34.995 SEVERE [main] org.apache.catalina.core.StandardServer.await Failed to create server shutdown socket on address [localhost] and port [8005] (base port [8005] and offset [0])
	java.net.BindException: Address already in use (Bind failed)
		at java.base/java.net.PlainSocketImpl.socketBind(Native Method)
		at java.base/java.net.AbstractPlainSocketImpl.bind(AbstractPlainSocketImpl.java:436)
		at java.base/java.net.ServerSocket.bind(ServerSocket.java:395)
		at java.base/java.net.ServerSocket.<init>(ServerSocket.java:257)
		at org.apache.catalina.core.StandardServer.await(StandardServer.java:580)
		at org.apache.catalina.startup.Catalina.await(Catalina.java:864)
		at org.apache.catalina.startup.Catalina.start(Catalina.java:810)
		at java.base/jdk.internal.reflect.NativeMethodAccessorImpl.invoke0(Native Method)
		at java.base/jdk.internal.reflect.NativeMethodAccessorImpl.invoke(NativeMethodAccessorImpl.java:62)
		at java.base/jdk.internal.reflect.DelegatingMethodAccessorImpl.invoke(DelegatingMethodAccessorImpl.java:43)
		at java.base/java.lang.reflect.Method.invoke(Method.java:566)
		at org.apache.catalina.startup.Bootstrap.start(Bootstrap.java:345)
		at org.apache.catalina.startup.Bootstrap.main(Bootstrap.java:476)
30-Aug-2022 13:02:34.997 INFO [main] org.apache.coyote.AbstractProtocol.pause Pausing ProtocolHandler ["http-nio-9090"]
30-Aug-2022 13:02:35.003 INFO [main] org.apache.catalina.core.StandardService.stopInternal Stopping service [Catalina]
30-Aug-2022 13:02:35.079 INFO [main] org.apache.coyote.AbstractProtocol.stop Stopping ProtocolHandler ["http-nio-9090"]
30-Aug-2022 13:02:35.094 INFO [main] org.apache.coyote.AbstractProtocol.destroy Destroying ProtocolHandler ["http-nio-9090"]
