27-Aug-2022 14:10:50.347 INFO [main] org.apache.catalina.core.ApplicationContext.log ContextListener: contextInitialized()
27-Aug-2022 14:10:50.348 INFO [main] org.apache.catalina.core.ApplicationContext.log SessionListener: contextInitialized()
27-Aug-2022 14:10:50.350 INFO [main] org.apache.catalina.core.ApplicationContext.log ContextListener: attributeAdded('StockTicker', 'async.Stockticker@7668d560')
27-Aug-2022 14:17:12.337 INFO [main] org.apache.catalina.core.ApplicationContext.log SessionListener: contextDestroyed()
27-Aug-2022 14:17:12.337 INFO [main] org.apache.catalina.core.ApplicationContext.log ContextListener: contextDestroyed()
27-Aug-2022 14:17:31.382 INFO [main] org.apache.catalina.core.ApplicationContext.log ContextListener: contextInitialized()
27-Aug-2022 14:17:31.383 INFO [main] org.apache.catalina.core.ApplicationContext.log SessionListener: contextInitialized()
27-Aug-2022 14:17:31.385 INFO [main] org.apache.catalina.core.ApplicationContext.log ContextListener: attributeAdded('StockTicker', 'async.Stockticker@7ee55e70')
27-Aug-2022 14:18:43.820 INFO [main] org.apache.catalina.core.ApplicationContext.log ContextListener: contextInitialized()
27-Aug-2022 14:18:43.820 INFO [main] org.apache.catalina.core.ApplicationContext.log SessionListener: contextInitialized()
27-Aug-2022 14:18:43.824 INFO [main] org.apache.catalina.core.ApplicationContext.log ContextListener: attributeAdded('StockTicker', 'async.Stockticker@58cd06cb')
27-Aug-2022 14:18:43.984 INFO [main] org.apache.catalina.core.ApplicationContext.log SessionListener: contextDestroyed()
27-Aug-2022 14:18:43.985 INFO [main] org.apache.catalina.core.ApplicationContext.log ContextListener: contextDestroyed()
27-Aug-2022 14:20:41.549 INFO [main] org.apache.catalina.core.ApplicationContext.log SessionListener: contextDestroyed()
27-Aug-2022 14:20:41.549 INFO [main] org.apache.catalina.core.ApplicationContext.log ContextListener: contextDestroyed()
27-Aug-2022 14:25:07.588 INFO [main] org.apache.catalina.core.ApplicationContext.log ContextListener: contextInitialized()
27-Aug-2022 14:25:07.588 INFO [main] org.apache.catalina.core.ApplicationContext.log SessionListener: contextInitialized()
27-Aug-2022 14:25:07.590 INFO [main] org.apache.catalina.core.ApplicationContext.log ContextListener: attributeAdded('StockTicker', 'async.Stockticker@3b718392')
27-Aug-2022 14:28:50.338 INFO [main] org.apache.catalina.core.ApplicationContext.log SessionListener: contextDestroyed()
27-Aug-2022 14:28:50.338 INFO [main] org.apache.catalina.core.ApplicationContext.log ContextListener: contextDestroyed()
27-Aug-2022 14:31:01.013 INFO [main] org.apache.catalina.core.ApplicationContext.log ContextListener: contextInitialized()
27-Aug-2022 14:31:01.013 INFO [main] org.apache.catalina.core.ApplicationContext.log SessionListener: contextInitialized()
27-Aug-2022 14:31:01.016 INFO [main] org.apache.catalina.core.ApplicationContext.log ContextListener: attributeAdded('StockTicker', 'async.Stockticker@59221b97')
27-Aug-2022 14:32:58.379 INFO [main] org.apache.catalina.core.ApplicationContext.log ContextListener: contextInitialized()
27-Aug-2022 14:32:58.380 INFO [main] org.apache.catalina.core.ApplicationContext.log SessionListener: contextInitialized()
27-Aug-2022 14:32:58.382 INFO [main] org.apache.catalina.core.ApplicationContext.log ContextListener: attributeAdded('StockTicker', 'async.Stockticker@1e287667')
27-Aug-2022 14:32:58.492 INFO [main] org.apache.catalina.core.ApplicationContext.log SessionListener: contextDestroyed()
27-Aug-2022 14:32:58.492 INFO [main] org.apache.catalina.core.ApplicationContext.log ContextListener: contextDestroyed()
27-Aug-2022 14:36:31.309 INFO [main] org.apache.catalina.core.ApplicationContext.log ContextListener: contextInitialized()
27-Aug-2022 14:36:31.310 INFO [main] org.apache.catalina.core.ApplicationContext.log SessionListener: contextInitialized()
27-Aug-2022 14:36:31.312 INFO [main] org.apache.catalina.core.ApplicationContext.log ContextListener: attributeAdded('StockTicker', 'async.Stockticker@1e287667')
27-Aug-2022 14:36:31.470 INFO [main] org.apache.catalina.core.ApplicationContext.log SessionListener: contextDestroyed()
27-Aug-2022 14:36:31.470 INFO [main] org.apache.catalina.core.ApplicationContext.log ContextListener: contextDestroyed()
27-Aug-2022 14:44:50.488 INFO [main] org.apache.catalina.core.ApplicationContext.log SessionListener: contextDestroyed()
27-Aug-2022 14:44:50.489 INFO [main] org.apache.catalina.core.ApplicationContext.log ContextListener: contextDestroyed()
27-Aug-2022 14:45:28.521 INFO [main] org.apache.catalina.core.ApplicationContext.log ContextListener: contextInitialized()
27-Aug-2022 14:45:28.523 INFO [main] org.apache.catalina.core.ApplicationContext.log SessionListener: contextInitialized()
27-Aug-2022 14:45:28.526 INFO [main] org.apache.catalina.core.ApplicationContext.log ContextListener: attributeAdded('StockTicker', 'async.Stockticker@36b6964d')
27-Aug-2022 14:56:43.122 INFO [main] org.apache.catalina.core.ApplicationContext.log SessionListener: contextDestroyed()
27-Aug-2022 14:56:43.123 INFO [main] org.apache.catalina.core.ApplicationContext.log ContextListener: contextDestroyed()
27-Aug-2022 14:56:57.614 INFO [main] org.apache.catalina.core.ApplicationContext.log ContextListener: contextInitialized()
27-Aug-2022 14:56:57.615 INFO [main] org.apache.catalina.core.ApplicationContext.log SessionListener: contextInitialized()
27-Aug-2022 14:56:57.617 INFO [main] org.apache.catalina.core.ApplicationContext.log ContextListener: attributeAdded('StockTicker', 'async.Stockticker@3b718392')
27-Aug-2022 21:25:43.885 INFO [main] org.apache.catalina.core.ApplicationContext.log ContextListener: contextInitialized()
27-Aug-2022 21:25:43.885 INFO [main] org.apache.catalina.core.ApplicationContext.log SessionListener: contextInitialized()
27-Aug-2022 21:25:43.888 INFO [main] org.apache.catalina.core.ApplicationContext.log ContextListener: attributeAdded('StockTicker', 'async.Stockticker@b273a59')
27-Aug-2022 22:10:11.217 INFO [Thread-2] org.apache.catalina.core.ApplicationContext.log SessionListener: contextDestroyed()
27-Aug-2022 22:10:11.217 INFO [Thread-2] org.apache.catalina.core.ApplicationContext.log ContextListener: contextDestroyed()
