28-Aug-2022 13:40:50.969 INFO [main] org.apache.catalina.core.ApplicationContext.log ContextListener: contextInitialized()
28-Aug-2022 13:40:50.969 INFO [main] org.apache.catalina.core.ApplicationContext.log SessionListener: contextInitialized()
28-Aug-2022 13:40:50.972 INFO [main] org.apache.catalina.core.ApplicationContext.log ContextListener: attributeAdded('StockTicker', 'async.Stockticker@1e34c607')
28-Aug-2022 14:07:22.147 INFO [main] org.apache.catalina.core.ApplicationContext.log SessionListener: contextDestroyed()
28-Aug-2022 14:07:22.147 INFO [main] org.apache.catalina.core.ApplicationContext.log ContextListener: contextDestroyed()
28-Aug-2022 14:07:32.495 INFO [main] org.apache.catalina.core.ApplicationContext.log ContextListener: contextInitialized()
28-Aug-2022 14:07:32.496 INFO [main] org.apache.catalina.core.ApplicationContext.log SessionListener: contextInitialized()
28-Aug-2022 14:07:32.498 INFO [main] org.apache.catalina.core.ApplicationContext.log ContextListener: attributeAdded('StockTicker', 'async.Stockticker@24528a25')
28-Aug-2022 14:26:05.518 INFO [main] org.apache.catalina.core.ApplicationContext.log SessionListener: contextDestroyed()
28-Aug-2022 14:26:05.518 INFO [main] org.apache.catalina.core.ApplicationContext.log ContextListener: contextDestroyed()
28-Aug-2022 14:26:12.969 INFO [main] org.apache.catalina.core.ApplicationContext.log ContextListener: contextInitialized()
28-Aug-2022 14:26:12.970 INFO [main] org.apache.catalina.core.ApplicationContext.log SessionListener: contextInitialized()
28-Aug-2022 14:26:12.972 INFO [main] org.apache.catalina.core.ApplicationContext.log ContextListener: attributeAdded('StockTicker', 'async.Stockticker@3d9fc57a')
28-Aug-2022 14:26:17.643 INFO [main] org.apache.catalina.core.ApplicationContext.log SessionListener: contextDestroyed()
28-Aug-2022 14:26:17.643 INFO [main] org.apache.catalina.core.ApplicationContext.log ContextListener: contextDestroyed()
28-Aug-2022 14:26:25.212 INFO [main] org.apache.catalina.core.ApplicationContext.log ContextListener: contextInitialized()
28-Aug-2022 14:26:25.212 INFO [main] org.apache.catalina.core.ApplicationContext.log SessionListener: contextInitialized()
28-Aug-2022 14:26:25.214 INFO [main] org.apache.catalina.core.ApplicationContext.log ContextListener: attributeAdded('StockTicker', 'async.Stockticker@126be319')
28-Aug-2022 14:57:03.875 INFO [main] org.apache.catalina.core.ApplicationContext.log SessionListener: contextDestroyed()
28-Aug-2022 14:57:03.875 INFO [main] org.apache.catalina.core.ApplicationContext.log ContextListener: contextDestroyed()
28-Aug-2022 14:57:15.011 INFO [main] org.apache.catalina.core.ApplicationContext.log ContextListener: contextInitialized()
28-Aug-2022 14:57:15.012 INFO [main] org.apache.catalina.core.ApplicationContext.log SessionListener: contextInitialized()
28-Aug-2022 14:57:15.014 INFO [main] org.apache.catalina.core.ApplicationContext.log ContextListener: attributeAdded('StockTicker', 'async.Stockticker@2e27d72f')
28-Aug-2022 15:07:29.972 INFO [main] org.apache.catalina.core.ApplicationContext.log SessionListener: contextDestroyed()
28-Aug-2022 15:07:29.972 INFO [main] org.apache.catalina.core.ApplicationContext.log ContextListener: contextDestroyed()
28-Aug-2022 15:07:57.476 INFO [main] org.apache.catalina.core.ApplicationContext.log ContextListener: contextInitialized()
28-Aug-2022 15:07:57.477 INFO [main] org.apache.catalina.core.ApplicationContext.log SessionListener: contextInitialized()
28-Aug-2022 15:07:57.478 INFO [main] org.apache.catalina.core.ApplicationContext.log ContextListener: attributeAdded('StockTicker', 'async.Stockticker@1e8823d2')
28-Aug-2022 15:19:22.058 INFO [main] org.apache.catalina.core.ApplicationContext.log SessionListener: contextDestroyed()
28-Aug-2022 15:19:22.058 INFO [main] org.apache.catalina.core.ApplicationContext.log ContextListener: contextDestroyed()
28-Aug-2022 15:19:35.515 INFO [main] org.apache.catalina.core.ApplicationContext.log ContextListener: contextInitialized()
28-Aug-2022 15:19:35.516 INFO [main] org.apache.catalina.core.ApplicationContext.log SessionListener: contextInitialized()
28-Aug-2022 15:19:35.518 INFO [main] org.apache.catalina.core.ApplicationContext.log ContextListener: attributeAdded('StockTicker', 'async.Stockticker@30272916')
28-Aug-2022 15:37:01.190 INFO [main] org.apache.catalina.core.ApplicationContext.log SessionListener: contextDestroyed()
28-Aug-2022 15:37:01.190 INFO [main] org.apache.catalina.core.ApplicationContext.log ContextListener: contextDestroyed()
28-Aug-2022 15:37:09.172 INFO [main] org.apache.catalina.core.ApplicationContext.log ContextListener: contextInitialized()
28-Aug-2022 15:37:09.172 INFO [main] org.apache.catalina.core.ApplicationContext.log SessionListener: contextInitialized()
28-Aug-2022 15:37:09.174 INFO [main] org.apache.catalina.core.ApplicationContext.log ContextListener: attributeAdded('StockTicker', 'async.Stockticker@130a0f66')
28-Aug-2022 15:37:11.583 INFO [main] org.apache.catalina.core.ApplicationContext.log SessionListener: contextDestroyed()
28-Aug-2022 15:37:11.583 INFO [main] org.apache.catalina.core.ApplicationContext.log ContextListener: contextDestroyed()
28-Aug-2022 15:37:55.275 INFO [main] org.apache.catalina.core.ApplicationContext.log ContextListener: contextInitialized()
28-Aug-2022 15:37:55.300 INFO [main] org.apache.catalina.core.ApplicationContext.log SessionListener: contextInitialized()
28-Aug-2022 15:37:55.303 INFO [main] org.apache.catalina.core.ApplicationContext.log ContextListener: attributeAdded('StockTicker', 'async.Stockticker@5710768a')
28-Aug-2022 15:51:01.033 INFO [main] org.apache.catalina.core.ApplicationContext.log SessionListener: contextDestroyed()
28-Aug-2022 15:51:01.034 INFO [main] org.apache.catalina.core.ApplicationContext.log ContextListener: contextDestroyed()
28-Aug-2022 15:51:05.422 INFO [main] org.apache.catalina.core.ApplicationContext.log ContextListener: contextInitialized()
28-Aug-2022 15:51:05.422 INFO [main] org.apache.catalina.core.ApplicationContext.log SessionListener: contextInitialized()
28-Aug-2022 15:51:05.424 INFO [main] org.apache.catalina.core.ApplicationContext.log ContextListener: attributeAdded('StockTicker', 'async.Stockticker@678040b3')
28-Aug-2022 15:56:17.418 INFO [main] org.apache.catalina.core.ApplicationContext.log SessionListener: contextDestroyed()
28-Aug-2022 15:56:17.418 INFO [main] org.apache.catalina.core.ApplicationContext.log ContextListener: contextDestroyed()
28-Aug-2022 15:56:36.620 INFO [main] org.apache.catalina.core.ApplicationContext.log ContextListener: contextInitialized()
28-Aug-2022 15:56:36.621 INFO [main] org.apache.catalina.core.ApplicationContext.log SessionListener: contextInitialized()
28-Aug-2022 15:56:36.624 INFO [main] org.apache.catalina.core.ApplicationContext.log ContextListener: attributeAdded('StockTicker', 'async.Stockticker@5bf61e67')
