29-Aug-2022 08:50:27.501 INFO [main] org.apache.catalina.core.ApplicationContext.log ContextListener: contextInitialized()
29-Aug-2022 08:50:27.501 INFO [main] org.apache.catalina.core.ApplicationContext.log SessionListener: contextInitialized()
29-Aug-2022 08:50:27.503 INFO [main] org.apache.catalina.core.ApplicationContext.log ContextListener: attributeAdded('StockTicker', 'async.Stockticker@76f10035')
29-Aug-2022 09:26:03.735 INFO [main] org.apache.catalina.core.ApplicationContext.log SessionListener: contextDestroyed()
29-Aug-2022 09:26:03.735 INFO [main] org.apache.catalina.core.ApplicationContext.log ContextListener: contextDestroyed()
29-Aug-2022 10:03:44.289 INFO [main] org.apache.catalina.core.ApplicationContext.log ContextListener: contextInitialized()
29-Aug-2022 10:03:44.289 INFO [main] org.apache.catalina.core.ApplicationContext.log SessionListener: contextInitialized()
29-Aug-2022 10:03:44.291 INFO [main] org.apache.catalina.core.ApplicationContext.log ContextListener: attributeAdded('StockTicker', 'async.Stockticker@6b530eb9')
29-Aug-2022 10:03:44.405 INFO [main] org.apache.catalina.core.ApplicationContext.log SessionListener: contextDestroyed()
29-Aug-2022 10:03:44.405 INFO [main] org.apache.catalina.core.ApplicationContext.log ContextListener: contextDestroyed()
29-Aug-2022 10:05:38.576 INFO [main] org.apache.catalina.core.ApplicationContext.log ContextListener: contextInitialized()
29-Aug-2022 10:05:38.576 INFO [main] org.apache.catalina.core.ApplicationContext.log SessionListener: contextInitialized()
29-Aug-2022 10:05:38.579 INFO [main] org.apache.catalina.core.ApplicationContext.log ContextListener: attributeAdded('StockTicker', 'async.Stockticker@76f10035')
29-Aug-2022 10:29:58.100 INFO [main] org.apache.catalina.core.ApplicationContext.log SessionListener: contextDestroyed()
29-Aug-2022 10:29:58.100 INFO [main] org.apache.catalina.core.ApplicationContext.log ContextListener: contextDestroyed()
29-Aug-2022 10:31:13.664 INFO [main] org.apache.catalina.core.ApplicationContext.log ContextListener: contextInitialized()
29-Aug-2022 10:31:13.664 INFO [main] org.apache.catalina.core.ApplicationContext.log SessionListener: contextInitialized()
29-Aug-2022 10:31:13.666 INFO [main] org.apache.catalina.core.ApplicationContext.log ContextListener: attributeAdded('StockTicker', 'async.Stockticker@4f8caaf3')
29-Aug-2022 10:32:03.609 INFO [main] org.apache.catalina.core.ApplicationContext.log SessionListener: contextDestroyed()
29-Aug-2022 10:32:03.609 INFO [main] org.apache.catalina.core.ApplicationContext.log ContextListener: contextDestroyed()
