30-Aug-2022 13:00:45.325 INFO [main] org.apache.catalina.core.ApplicationContext.log ContextListener: contextInitialized()
30-Aug-2022 13:00:45.325 INFO [main] org.apache.catalina.core.ApplicationContext.log SessionListener: contextInitialized()
30-Aug-2022 13:00:45.328 INFO [main] org.apache.catalina.core.ApplicationContext.log ContextListener: attributeAdded('StockTicker', 'async.Stockticker@3359c978')
30-Aug-2022 13:01:18.651 INFO [main] org.apache.catalina.core.ApplicationContext.log SessionListener: contextDestroyed()
30-Aug-2022 13:01:18.651 INFO [main] org.apache.catalina.core.ApplicationContext.log ContextListener: contextDestroyed()
30-Aug-2022 13:02:34.897 INFO [main] org.apache.catalina.core.ApplicationContext.log ContextListener: contextInitialized()
30-Aug-2022 13:02:34.897 INFO [main] org.apache.catalina.core.ApplicationContext.log SessionListener: contextInitialized()
30-Aug-2022 13:02:34.900 INFO [main] org.apache.catalina.core.ApplicationContext.log ContextListener: attributeAdded('StockTicker', 'async.Stockticker@4c7a078')
30-Aug-2022 13:02:35.029 INFO [main] org.apache.catalina.core.ApplicationContext.log SessionListener: contextDestroyed()
30-Aug-2022 13:02:35.029 INFO [main] org.apache.catalina.core.ApplicationContext.log ContextListener: contextDestroyed()
30-Aug-2022 14:10:37.013 INFO [main] org.apache.catalina.core.ApplicationContext.log ContextListener: contextInitialized()
30-Aug-2022 14:10:37.013 INFO [main] org.apache.catalina.core.ApplicationContext.log SessionListener: contextInitialized()
30-Aug-2022 14:10:37.015 INFO [main] org.apache.catalina.core.ApplicationContext.log ContextListener: attributeAdded('StockTicker', 'async.Stockticker@125c082e')
30-Aug-2022 14:12:35.789 INFO [main] org.apache.catalina.core.ApplicationContext.log SessionListener: contextDestroyed()
30-Aug-2022 14:12:35.789 INFO [main] org.apache.catalina.core.ApplicationContext.log ContextListener: contextDestroyed()
30-Aug-2022 14:16:04.729 INFO [main] org.apache.catalina.core.ApplicationContext.log ContextListener: contextInitialized()
30-Aug-2022 14:16:04.729 INFO [main] org.apache.catalina.core.ApplicationContext.log SessionListener: contextInitialized()
30-Aug-2022 14:16:04.731 INFO [main] org.apache.catalina.core.ApplicationContext.log ContextListener: attributeAdded('StockTicker', 'async.Stockticker@5298dead')
30-Aug-2022 14:16:04.835 INFO [main] org.apache.catalina.core.ApplicationContext.log SessionListener: contextDestroyed()
30-Aug-2022 14:16:04.835 INFO [main] org.apache.catalina.core.ApplicationContext.log ContextListener: contextDestroyed()
30-Aug-2022 14:17:52.975 INFO [main] org.apache.catalina.core.ApplicationContext.log ContextListener: contextInitialized()
30-Aug-2022 14:17:52.977 INFO [main] org.apache.catalina.core.ApplicationContext.log SessionListener: contextInitialized()
30-Aug-2022 14:17:52.981 INFO [main] org.apache.catalina.core.ApplicationContext.log ContextListener: attributeAdded('StockTicker', 'async.Stockticker@15b986cd')
30-Aug-2022 14:29:27.705 INFO [main] org.apache.catalina.core.ApplicationContext.log SessionListener: contextDestroyed()
30-Aug-2022 14:29:27.705 INFO [main] org.apache.catalina.core.ApplicationContext.log ContextListener: contextDestroyed()
30-Aug-2022 14:29:33.296 INFO [main] org.apache.catalina.core.ApplicationContext.log ContextListener: contextInitialized()
30-Aug-2022 14:29:33.296 INFO [main] org.apache.catalina.core.ApplicationContext.log SessionListener: contextInitialized()
30-Aug-2022 14:29:33.299 INFO [main] org.apache.catalina.core.ApplicationContext.log ContextListener: attributeAdded('StockTicker', 'async.Stockticker@15b986cd')
30-Aug-2022 14:29:59.427 INFO [main] org.apache.catalina.core.ApplicationContext.log SessionListener: contextDestroyed()
30-Aug-2022 14:29:59.428 INFO [main] org.apache.catalina.core.ApplicationContext.log ContextListener: contextDestroyed()
30-Aug-2022 14:36:20.436 INFO [main] org.apache.catalina.core.ApplicationContext.log ContextListener: contextInitialized()
30-Aug-2022 14:36:20.436 INFO [main] org.apache.catalina.core.ApplicationContext.log SessionListener: contextInitialized()
30-Aug-2022 14:36:20.439 INFO [main] org.apache.catalina.core.ApplicationContext.log ContextListener: attributeAdded('StockTicker', 'async.Stockticker@721eb7df')
30-Aug-2022 14:40:59.897 INFO [main] org.apache.catalina.core.ApplicationContext.log SessionListener: contextDestroyed()
30-Aug-2022 14:40:59.897 INFO [main] org.apache.catalina.core.ApplicationContext.log ContextListener: contextDestroyed()
30-Aug-2022 14:47:10.551 INFO [main] org.apache.catalina.core.ApplicationContext.log ContextListener: contextInitialized()
30-Aug-2022 14:47:10.554 INFO [main] org.apache.catalina.core.ApplicationContext.log SessionListener: contextInitialized()
30-Aug-2022 14:47:10.556 INFO [main] org.apache.catalina.core.ApplicationContext.log ContextListener: attributeAdded('StockTicker', 'async.Stockticker@74518890')
30-Aug-2022 14:48:30.271 INFO [main] org.apache.catalina.core.ApplicationContext.log SessionListener: contextDestroyed()
30-Aug-2022 14:48:30.271 INFO [main] org.apache.catalina.core.ApplicationContext.log ContextListener: contextDestroyed()
