28-Aug-2022 14:57:32.126 INFO [http-nio-9090-exec-3] org.apache.catalina.core.ApplicationContext.log HTMLManager: init: Associated with Deployer 'Catalina:type=Deployer,host=localhost'
28-Aug-2022 14:57:32.129 INFO [http-nio-9090-exec-3] org.apache.catalina.core.ApplicationContext.log HTMLManager: init: Global resources are available
28-Aug-2022 14:57:32.151 INFO [http-nio-9090-exec-3] org.apache.catalina.core.ApplicationContext.log HTMLManager: list: Listing contexts for virtual host 'localhost'
28-Aug-2022 14:59:14.676 INFO [http-nio-9090-exec-3] org.apache.catalina.core.ApplicationContext.log HTMLManager: list: Listing contexts for virtual host 'localhost'
28-Aug-2022 15:19:42.467 INFO [http-nio-9090-exec-1] org.apache.catalina.core.ApplicationContext.log HTMLManager: init: Associated with Deployer 'Catalina:type=Deployer,host=localhost'
28-Aug-2022 15:19:42.472 INFO [http-nio-9090-exec-1] org.apache.catalina.core.ApplicationContext.log HTMLManager: init: Global resources are available
28-Aug-2022 15:19:42.501 INFO [http-nio-9090-exec-1] org.apache.catalina.core.ApplicationContext.log HTMLManager: list: Listing contexts for virtual host 'localhost'
28-Aug-2022 15:22:08.242 INFO [http-nio-9090-exec-5] org.apache.catalina.core.ApplicationContext.log Manager: init: Associated with Deployer 'Catalina:type=Deployer,host=localhost'
28-Aug-2022 15:22:08.242 INFO [http-nio-9090-exec-5] org.apache.catalina.core.ApplicationContext.log Manager: init: Global resources are available
28-Aug-2022 15:22:08.243 INFO [http-nio-9090-exec-5] org.apache.catalina.core.ApplicationContext.log Manager: list: Listing contexts for virtual host 'localhost'
28-Aug-2022 15:22:35.106 INFO [http-nio-9090-exec-8] org.apache.catalina.core.ApplicationContext.log Manager: list: Listing contexts for virtual host 'localhost'
28-Aug-2022 15:23:17.189 INFO [http-nio-9090-exec-10] org.apache.catalina.core.ApplicationContext.log Manager: list: Listing contexts for virtual host 'localhost'
28-Aug-2022 15:24:21.806 INFO [http-nio-9090-exec-5] org.apache.catalina.core.ApplicationContext.log Manager: list: Listing contexts for virtual host 'localhost'
28-Aug-2022 15:40:28.070 INFO [http-nio-9090-exec-2] org.apache.catalina.core.ApplicationContext.log Manager: init: Associated with Deployer 'Catalina:type=Deployer,host=localhost'
28-Aug-2022 15:40:28.072 INFO [http-nio-9090-exec-2] org.apache.catalina.core.ApplicationContext.log Manager: init: Global resources are available
28-Aug-2022 15:40:28.077 INFO [http-nio-9090-exec-2] org.apache.catalina.core.ApplicationContext.log Manager: list: Listing contexts for virtual host 'localhost'
28-Aug-2022 15:44:31.030 INFO [http-nio-9090-exec-6] org.apache.catalina.core.ApplicationContext.log Manager: list: Listing contexts for virtual host 'localhost'
28-Aug-2022 15:44:31.043 INFO [http-nio-9090-exec-7] org.apache.catalina.core.ApplicationContext.log Manager: list: Listing contexts for virtual host 'localhost'
28-Aug-2022 15:44:31.049 INFO [http-nio-9090-exec-8] org.apache.catalina.core.ApplicationContext.log Manager: undeploy: Undeploying web application at '/'
28-Aug-2022 15:44:31.644 INFO [http-nio-9090-exec-2] org.apache.catalina.core.ApplicationContext.log Manager: deploy: Deploying web application '/'
28-Aug-2022 15:44:31.644 INFO [http-nio-9090-exec-2] org.apache.catalina.core.ApplicationContext.log Manager: Uploading WAR file to /Users/fradaperypetie/Dysk Google/git-github/JENKINS123/temp/apache-tomcat-9.0.65/webapps/ROOT.war
28-Aug-2022 15:51:42.869 INFO [http-nio-9090-exec-3] org.apache.catalina.core.ApplicationContext.log Manager: init: Associated with Deployer 'Catalina:type=Deployer,host=localhost'
28-Aug-2022 15:51:42.869 INFO [http-nio-9090-exec-3] org.apache.catalina.core.ApplicationContext.log Manager: init: Global resources are available
28-Aug-2022 15:51:42.871 INFO [http-nio-9090-exec-3] org.apache.catalina.core.ApplicationContext.log Manager: list: Listing contexts for virtual host 'localhost'
28-Aug-2022 15:51:42.877 INFO [http-nio-9090-exec-4] org.apache.catalina.core.ApplicationContext.log Manager: list: Listing contexts for virtual host 'localhost'
28-Aug-2022 15:51:42.881 INFO [http-nio-9090-exec-5] org.apache.catalina.core.ApplicationContext.log Manager: undeploy: Undeploying web application at '/'
28-Aug-2022 15:51:43.414 INFO [http-nio-9090-exec-11] org.apache.catalina.core.ApplicationContext.log Manager: deploy: Deploying web application '/'
28-Aug-2022 15:51:43.415 INFO [http-nio-9090-exec-11] org.apache.catalina.core.ApplicationContext.log Manager: Uploading WAR file to /Users/fradaperypetie/Dysk Google/git-github/JENKINS123/temp/apache-tomcat-9.0.65/webapps/ROOT.war
28-Aug-2022 15:57:36.898 INFO [http-nio-9090-exec-4] org.apache.catalina.core.ApplicationContext.log Manager: init: Associated with Deployer 'Catalina:type=Deployer,host=localhost'
28-Aug-2022 15:57:36.899 INFO [http-nio-9090-exec-4] org.apache.catalina.core.ApplicationContext.log Manager: init: Global resources are available
28-Aug-2022 15:57:36.900 INFO [http-nio-9090-exec-4] org.apache.catalina.core.ApplicationContext.log Manager: list: Listing contexts for virtual host 'localhost'
28-Aug-2022 15:57:36.904 INFO [http-nio-9090-exec-5] org.apache.catalina.core.ApplicationContext.log Manager: list: Listing contexts for virtual host 'localhost'
28-Aug-2022 15:57:36.907 INFO [http-nio-9090-exec-6] org.apache.catalina.core.ApplicationContext.log Manager: undeploy: Undeploying web application at '/'
28-Aug-2022 15:57:37.442 INFO [http-nio-9090-exec-11] org.apache.catalina.core.ApplicationContext.log Manager: deploy: Deploying web application '/'
28-Aug-2022 15:57:37.442 INFO [http-nio-9090-exec-11] org.apache.catalina.core.ApplicationContext.log Manager: Uploading WAR file to /Users/fradaperypetie/Dysk Google/git-github/JENKINS123/temp/apache-tomcat-9.0.65/webapps/ROOT.war
28-Aug-2022 15:57:51.443 INFO [http-nio-9090-exec-7] org.apache.catalina.core.ApplicationContext.log Manager: list: Listing contexts for virtual host 'localhost'
28-Aug-2022 15:57:51.451 INFO [http-nio-9090-exec-2] org.apache.catalina.core.ApplicationContext.log Manager: list: Listing contexts for virtual host 'localhost'
28-Aug-2022 15:57:51.456 INFO [http-nio-9090-exec-10] org.apache.catalina.core.ApplicationContext.log Manager: undeploy: Undeploying web application at '/'
28-Aug-2022 15:57:51.992 INFO [http-nio-9090-exec-2] org.apache.catalina.core.ApplicationContext.log Manager: deploy: Deploying web application '/'
28-Aug-2022 15:57:51.992 INFO [http-nio-9090-exec-2] org.apache.catalina.core.ApplicationContext.log Manager: Uploading WAR file to /Users/fradaperypetie/Dysk Google/git-github/JENKINS123/temp/apache-tomcat-9.0.65/webapps/ROOT.war
28-Aug-2022 16:11:03.612 INFO [http-nio-9090-exec-16] org.apache.catalina.core.ApplicationContext.log Manager: list: Listing contexts for virtual host 'localhost'
28-Aug-2022 16:11:03.616 INFO [http-nio-9090-exec-17] org.apache.catalina.core.ApplicationContext.log Manager: list: Listing contexts for virtual host 'localhost'
28-Aug-2022 16:11:03.618 INFO [http-nio-9090-exec-18] org.apache.catalina.core.ApplicationContext.log Manager: undeploy: Undeploying web application at '/'
28-Aug-2022 16:11:04.145 INFO [http-nio-9090-exec-13] org.apache.catalina.core.ApplicationContext.log Manager: deploy: Deploying web application '/'
28-Aug-2022 16:11:04.145 INFO [http-nio-9090-exec-13] org.apache.catalina.core.ApplicationContext.log Manager: Uploading WAR file to /Users/fradaperypetie/Dysk Google/git-github/JENKINS123/temp/apache-tomcat-9.0.65/webapps/ROOT.war
28-Aug-2022 16:12:08.778 INFO [http-nio-9090-exec-24] org.apache.catalina.core.ApplicationContext.log Manager: list: Listing contexts for virtual host 'localhost'
28-Aug-2022 16:12:08.781 INFO [http-nio-9090-exec-25] org.apache.catalina.core.ApplicationContext.log Manager: list: Listing contexts for virtual host 'localhost'
28-Aug-2022 16:12:08.783 INFO [http-nio-9090-exec-26] org.apache.catalina.core.ApplicationContext.log Manager: undeploy: Undeploying web application at '/'
28-Aug-2022 16:12:09.313 INFO [http-nio-9090-exec-13] org.apache.catalina.core.ApplicationContext.log Manager: deploy: Deploying web application '/'
28-Aug-2022 16:12:09.313 INFO [http-nio-9090-exec-13] org.apache.catalina.core.ApplicationContext.log Manager: Uploading WAR file to /Users/fradaperypetie/Dysk Google/git-github/JENKINS123/temp/apache-tomcat-9.0.65/webapps/ROOT.war
28-Aug-2022 16:13:50.681 INFO [http-nio-9090-exec-32] org.apache.catalina.core.ApplicationContext.log Manager: list: Listing contexts for virtual host 'localhost'
28-Aug-2022 16:13:50.684 INFO [http-nio-9090-exec-27] org.apache.catalina.core.ApplicationContext.log Manager: list: Listing contexts for virtual host 'localhost'
28-Aug-2022 16:13:50.686 INFO [http-nio-9090-exec-20] org.apache.catalina.core.ApplicationContext.log Manager: undeploy: Undeploying web application at '/'
28-Aug-2022 16:13:51.216 INFO [http-nio-9090-exec-13] org.apache.catalina.core.ApplicationContext.log Manager: deploy: Deploying web application '/'
28-Aug-2022 16:13:51.216 INFO [http-nio-9090-exec-13] org.apache.catalina.core.ApplicationContext.log Manager: Uploading WAR file to /Users/fradaperypetie/Dysk Google/git-github/JENKINS123/temp/apache-tomcat-9.0.65/webapps/ROOT.war
28-Aug-2022 16:18:03.655 INFO [http-nio-9090-exec-41] org.apache.catalina.core.ApplicationContext.log Manager: list: Listing contexts for virtual host 'localhost'
28-Aug-2022 16:18:03.659 INFO [http-nio-9090-exec-42] org.apache.catalina.core.ApplicationContext.log Manager: list: Listing contexts for virtual host 'localhost'
28-Aug-2022 16:18:03.661 INFO [http-nio-9090-exec-35] org.apache.catalina.core.ApplicationContext.log Manager: undeploy: Undeploying web application at '/'
28-Aug-2022 16:18:04.193 INFO [http-nio-9090-exec-13] org.apache.catalina.core.ApplicationContext.log Manager: deploy: Deploying web application '/'
28-Aug-2022 16:18:04.193 INFO [http-nio-9090-exec-13] org.apache.catalina.core.ApplicationContext.log Manager: Uploading WAR file to /Users/fradaperypetie/Dysk Google/git-github/JENKINS123/temp/apache-tomcat-9.0.65/webapps/ROOT.war
28-Aug-2022 16:23:32.188 INFO [http-nio-9090-exec-48] org.apache.catalina.core.ApplicationContext.log Manager: list: Listing contexts for virtual host 'localhost'
28-Aug-2022 16:23:32.191 INFO [http-nio-9090-exec-49] org.apache.catalina.core.ApplicationContext.log Manager: list: Listing contexts for virtual host 'localhost'
28-Aug-2022 16:23:32.193 INFO [http-nio-9090-exec-50] org.apache.catalina.core.ApplicationContext.log Manager: undeploy: Undeploying web application at '/'
28-Aug-2022 16:23:32.714 INFO [http-nio-9090-exec-44] org.apache.catalina.core.ApplicationContext.log Manager: deploy: Deploying web application '/'
28-Aug-2022 16:23:32.714 INFO [http-nio-9090-exec-44] org.apache.catalina.core.ApplicationContext.log Manager: Uploading WAR file to /Users/fradaperypetie/Dysk Google/git-github/JENKINS123/temp/apache-tomcat-9.0.65/webapps/ROOT.war
