30-Aug-2022 14:10:55.547 INFO [http-nio-9090-exec-2] org.apache.catalina.core.ApplicationContext.log Manager: init: Associated with Deployer 'Catalina:type=Deployer,host=localhost'
30-Aug-2022 14:10:55.557 INFO [http-nio-9090-exec-2] org.apache.catalina.core.ApplicationContext.log Manager: init: Global resources are available
30-Aug-2022 14:10:55.609 INFO [http-nio-9090-exec-2] org.apache.catalina.core.ApplicationContext.log Manager: list: Listing contexts for virtual host 'localhost'
30-Aug-2022 14:37:33.698 INFO [http-nio-9090-exec-4] org.apache.catalina.core.ApplicationContext.log Manager: init: Associated with Deployer 'Catalina:type=Deployer,host=localhost'
30-Aug-2022 14:37:33.699 INFO [http-nio-9090-exec-4] org.apache.catalina.core.ApplicationContext.log Manager: init: Global resources are available
30-Aug-2022 14:37:33.700 INFO [http-nio-9090-exec-4] org.apache.catalina.core.ApplicationContext.log Manager: list: Listing contexts for virtual host 'localhost'
30-Aug-2022 14:37:33.775 INFO [http-nio-9090-exec-5] org.apache.catalina.core.ApplicationContext.log Manager: list: Listing contexts for virtual host 'localhost'
30-Aug-2022 14:37:33.782 INFO [http-nio-9090-exec-6] org.apache.catalina.core.ApplicationContext.log Manager: undeploy: Undeploying web application at '/'
30-Aug-2022 14:37:34.344 INFO [http-nio-9090-exec-2] org.apache.catalina.core.ApplicationContext.log Manager: deploy: Deploying web application '/'
30-Aug-2022 14:37:34.344 INFO [http-nio-9090-exec-2] org.apache.catalina.core.ApplicationContext.log Manager: Uploading WAR file to /Users/fradaperypetie/Dysk Google/git-github/JENKINS123/temp/apache-tomcat-9.0.65/webapps/ROOT.war
30-Aug-2022 14:38:13.976 INFO [http-nio-9090-exec-7] org.apache.catalina.core.ApplicationContext.log Manager: list: Listing contexts for virtual host 'localhost'
30-Aug-2022 14:38:13.979 INFO [http-nio-9090-exec-10] org.apache.catalina.core.ApplicationContext.log Manager: list: Listing contexts for virtual host 'localhost'
30-Aug-2022 14:38:13.984 INFO [http-nio-9090-exec-3] org.apache.catalina.core.ApplicationContext.log Manager: undeploy: Undeploying web application at '/'
30-Aug-2022 14:38:14.525 INFO [http-nio-9090-exec-2] org.apache.catalina.core.ApplicationContext.log Manager: deploy: Deploying web application '/'
30-Aug-2022 14:38:14.525 INFO [http-nio-9090-exec-2] org.apache.catalina.core.ApplicationContext.log Manager: Uploading WAR file to /Users/fradaperypetie/Dysk Google/git-github/JENKINS123/temp/apache-tomcat-9.0.65/webapps/ROOT.war
30-Aug-2022 14:40:15.689 INFO [http-nio-9090-exec-14] org.apache.catalina.core.ApplicationContext.log Manager: list: Listing contexts for virtual host 'localhost'
30-Aug-2022 14:40:15.693 INFO [http-nio-9090-exec-15] org.apache.catalina.core.ApplicationContext.log Manager: list: Listing contexts for virtual host 'localhost'
30-Aug-2022 14:40:15.695 INFO [http-nio-9090-exec-13] org.apache.catalina.core.ApplicationContext.log Manager: undeploy: Undeploying web application at '/'
30-Aug-2022 14:40:16.223 INFO [http-nio-9090-exec-2] org.apache.catalina.core.ApplicationContext.log Manager: deploy: Deploying web application '/'
30-Aug-2022 14:40:16.223 INFO [http-nio-9090-exec-2] org.apache.catalina.core.ApplicationContext.log Manager: Uploading WAR file to /Users/fradaperypetie/Dysk Google/git-github/JENKINS123/temp/apache-tomcat-9.0.65/webapps/ROOT.war
30-Aug-2022 14:47:23.995 INFO [http-nio-9090-exec-3] org.apache.catalina.core.ApplicationContext.log Manager: init: Associated with Deployer 'Catalina:type=Deployer,host=localhost'
30-Aug-2022 14:47:23.995 INFO [http-nio-9090-exec-3] org.apache.catalina.core.ApplicationContext.log Manager: init: Global resources are available
30-Aug-2022 14:47:23.997 INFO [http-nio-9090-exec-3] org.apache.catalina.core.ApplicationContext.log Manager: list: Listing contexts for virtual host 'localhost'
30-Aug-2022 14:47:24.010 INFO [http-nio-9090-exec-4] org.apache.catalina.core.ApplicationContext.log Manager: list: Listing contexts for virtual host 'localhost'
30-Aug-2022 14:47:24.013 INFO [http-nio-9090-exec-5] org.apache.catalina.core.ApplicationContext.log Manager: undeploy: Undeploying web application at '/'
30-Aug-2022 14:47:24.587 INFO [http-nio-9090-exec-4] org.apache.catalina.core.ApplicationContext.log Manager: deploy: Deploying web application '/'
30-Aug-2022 14:47:24.587 INFO [http-nio-9090-exec-4] org.apache.catalina.core.ApplicationContext.log Manager: Uploading WAR file to /Users/fradaperypetie/Dysk Google/git-github/JENKINS123/temp/apache-tomcat-9.0.65/webapps/ROOT.war
30-Aug-2022 14:47:41.957 INFO [http-nio-9090-exec-6] org.apache.catalina.core.ApplicationContext.log Manager: list: Listing contexts for virtual host 'localhost'
30-Aug-2022 14:47:41.960 INFO [http-nio-9090-exec-3] org.apache.catalina.core.ApplicationContext.log Manager: list: Listing contexts for virtual host 'localhost'
30-Aug-2022 14:47:41.962 INFO [http-nio-9090-exec-1] org.apache.catalina.core.ApplicationContext.log Manager: undeploy: Undeploying web application at '/'
30-Aug-2022 14:47:42.596 INFO [http-nio-9090-exec-4] org.apache.catalina.core.ApplicationContext.log Manager: deploy: Deploying web application '/'
30-Aug-2022 14:47:42.596 INFO [http-nio-9090-exec-4] org.apache.catalina.core.ApplicationContext.log Manager: Uploading WAR file to /Users/fradaperypetie/Dysk Google/git-github/JENKINS123/temp/apache-tomcat-9.0.65/webapps/ROOT.war
30-Aug-2022 14:48:17.026 INFO [http-nio-9090-exec-9] org.apache.catalina.core.ApplicationContext.log Manager: list: Listing contexts for virtual host 'localhost'
30-Aug-2022 14:48:17.036 INFO [http-nio-9090-exec-11] org.apache.catalina.core.ApplicationContext.log Manager: list: Listing contexts for virtual host 'localhost'
30-Aug-2022 14:48:17.038 INFO [http-nio-9090-exec-8] org.apache.catalina.core.ApplicationContext.log Manager: undeploy: Undeploying web application at '/'
30-Aug-2022 14:48:17.561 INFO [http-nio-9090-exec-4] org.apache.catalina.core.ApplicationContext.log Manager: deploy: Deploying web application '/'
30-Aug-2022 14:48:17.561 INFO [http-nio-9090-exec-4] org.apache.catalina.core.ApplicationContext.log Manager: Uploading WAR file to /Users/fradaperypetie/Dysk Google/git-github/JENKINS123/temp/apache-tomcat-9.0.65/webapps/ROOT.war
